#
# There is insufficient memory for the Java Runtime Environment to continue.
# Native memory allocation (mmap) failed to map 20971520 bytes for Failed to commit area from 0x0000000086000000 to 0x0000000087400000 of length 20971520.
# Possible reasons:
#   The system is out of physical RAM or swap space
#   The process is running with CompressedOops enabled, and the Java Heap may be blocking the growth of the native heap
# Possible solutions:
#   Reduce memory load on the system
#   Increase physical memory or swap space
#   Check if swap backing store is full
#   Decrease Java heap size (-Xmx/-Xms)
#   Decrease number of Java threads
#   Decrease Java thread stack sizes (-Xss)
#   Set larger code cache with -XX:ReservedCodeCacheSize=
#   JVM is running with Unscaled Compressed Oops mode in which the Java heap is
#     placed in the first 4GB address space. The Java Heap base address is the
#     maximum limit for the native heap growth. Please use -XX:HeapBaseMinAddress
#     to set the Java Heap base and to place the Java Heap above 4GB virtual address.
# This output file may be truncated or incomplete.
#
#  Out of Memory Error (src/hotspot/os/windows/os_windows.cpp:3627), pid=14540, tid=5952
#
# JRE version: OpenJDK Runtime Environment (11.0.15) (build 11.0.15+0-b2043.56-9505619)
# Java VM: OpenJDK 64-Bit Server VM (11.0.15+0-b2043.56-9505619, mixed mode, tiered, compressed oops, g1 gc, windows-amd64)
# No core dump will be written. Minidumps are not enabled by default on client versions of Windows
#

---------------  S U M M A R Y ------------

Command Line: --add-opens=java.base/java.util=ALL-UNNAMED --add-opens=java.base/java.lang=ALL-UNNAMED --add-opens=java.base/java.lang.invoke=ALL-UNNAMED --add-opens=java.base/java.util=ALL-UNNAMED --add-opens=java.prefs/java.util.prefs=ALL-UNNAMED --add-opens=java.prefs/java.util.prefs=ALL-UNNAMED --add-opens=java.base/java.nio.charset=ALL-UNNAMED --add-opens=java.base/java.net=ALL-UNNAMED --add-opens=java.base/java.util.concurrent.atomic=ALL-UNNAMED -Xmx2048m -Dfile.encoding=UTF-8 -Duser.country=RU -Duser.language=ru -Duser.variant org.gradle.launcher.daemon.bootstrap.GradleDaemon 7.5

Host: Intel(R) Core(TM) i7-5500U CPU @ 2.40GHz, 4 cores, 5G,  Windows 10 , 64 bit Build 19041 (10.0.19041.2546)
Time: Mon Apr 10 14:18:56 2023 RTZ 2 (s 10 , 64 bit Build 19041 (10.0.19041.2546) elapsed time: 3.909963 seconds (0d 0h 0m 3s)

---------------  T H R E A D  ---------------

Current thread (0x000001bf38167000):  VMThread "VM Thread" [stack: 0x0000009c86100000,0x0000009c86200000] [id=5952]

Stack: [0x0000009c86100000,0x0000009c86200000]
[error occurred during error reporting (printing stack bounds), id 0xc0000005, EXCEPTION_ACCESS_VIOLATION (0xc0000005) at pc=0x000001bf2209112d]

Native frames: (J=compiled Java code, j=interpreted, Vv=VM code, C=native code)
V  [jvm.dll+0x64135a]
V  [jvm.dll+0x7d39f9]
V  [jvm.dll+0x7d51b9]
V  [jvm.dll+0x7d5805]
V  [jvm.dll+0x7d57bb]
V  [jvm.dll+0x640655]
V  [jvm.dll+0x640d68]
C  [ntdll.dll+0xa241f]
C  [ntdll.dll+0x514a4]
C  [ntdll.dll+0xa0f4e]
C  0x000001bf2209112d

VM_Operation (0x0000009c873fb110): CollectForMetadataAllocation, mode: safepoint, requested by thread 0x000001bf3a602000


---------------  P R O C E S S  ---------------

Threads class SMR info:
_java_thread_list=0x000001bf3b5ff980, length=22, elements={
0x000001bf1e564800, 0x000001bf3816d000, 0x000001bf3817b000, 0x000001bf3818f000,
0x000001bf38190000, 0x000001bf38191000, 0x000001bf38196000, 0x000001bf38197000,
0x000001bf38199000, 0x000001bf38c57000, 0x000001bf3b0c6800, 0x000001bf3ba7e800,
0x000001bf39e8e800, 0x000001bf3abc5000, 0x000001bf3971c800, 0x000001bf3b560000,
0x000001bf3a602000, 0x000001bf3aec4000, 0x000001bf3adae800, 0x000001bf3a35e800,
0x000001bf3b009800, 0x000001bf3b00e800
}

Java Threads: ( => current thread )
  0x000001bf1e564800 JavaThread "main" [_thread_blocked, id=13052, stack(0x0000009c85b00000,0x0000009c85c00000)]
  0x000001bf3816d000 JavaThread "Reference Handler" daemon [_thread_blocked, id=14980, stack(0x0000009c86200000,0x0000009c86300000)]
  0x000001bf3817b000 JavaThread "Finalizer" daemon [_thread_blocked, id=15036, stack(0x0000009c86300000,0x0000009c86400000)]
  0x000001bf3818f000 JavaThread "Signal Dispatcher" daemon [_thread_blocked, id=5892, stack(0x0000009c86400000,0x0000009c86500000)]
  0x000001bf38190000 JavaThread "Attach Listener" daemon [_thread_blocked, id=15768, stack(0x0000009c86500000,0x0000009c86600000)]
  0x000001bf38191000 JavaThread "Service Thread" daemon [_thread_blocked, id=15280, stack(0x0000009c86600000,0x0000009c86700000)]
  0x000001bf38196000 JavaThread "C2 CompilerThread0" daemon [_thread_blocked, id=4316, stack(0x0000009c86700000,0x0000009c86800000)]
  0x000001bf38197000 JavaThread "C1 CompilerThread0" daemon [_thread_blocked, id=5336, stack(0x0000009c86800000,0x0000009c86900000)]
  0x000001bf38199000 JavaThread "Sweeper thread" daemon [_thread_blocked, id=13460, stack(0x0000009c86900000,0x0000009c86a00000)]
  0x000001bf38c57000 JavaThread "Common-Cleaner" daemon [_thread_blocked, id=15016, stack(0x0000009c86a00000,0x0000009c86b00000)]
  0x000001bf3b0c6800 JavaThread "Daemon health stats" [_thread_blocked, id=14764, stack(0x0000009c86e00000,0x0000009c86f00000)]
  0x000001bf3ba7e800 JavaThread "Incoming local TCP Connector on port 54440" [_thread_in_native, id=11764, stack(0x0000009c86c00000,0x0000009c86d00000)]
  0x000001bf39e8e800 JavaThread "Daemon periodic checks" [_thread_blocked, id=2156, stack(0x0000009c86f00000,0x0000009c87000000)]
  0x000001bf3abc5000 JavaThread "Daemon" [_thread_blocked, id=6084, stack(0x0000009c87000000,0x0000009c87100000)]
  0x000001bf3971c800 JavaThread "Handler for socket connection from /127.0.0.1:54440 to /127.0.0.1:54441" [_thread_in_native, id=14156, stack(0x0000009c87100000,0x0000009c87200000)]
  0x000001bf3b560000 JavaThread "Cancel handler" [_thread_blocked, id=8168, stack(0x0000009c87200000,0x0000009c87300000)]
  0x000001bf3a602000 JavaThread "Daemon worker" [_thread_blocked, id=10152, stack(0x0000009c87300000,0x0000009c87400000)]
  0x000001bf3aec4000 JavaThread "Asynchronous log dispatcher for DefaultDaemonConnection: socket connection from /127.0.0.1:54440 to /127.0.0.1:54441" [_thread_blocked, id=8096, stack(0x0000009c87400000,0x0000009c87500000)]
  0x000001bf3adae800 JavaThread "Stdin handler" [_thread_blocked, id=14132, stack(0x0000009c87500000,0x0000009c87600000)]
  0x000001bf3a35e800 JavaThread "Daemon client event forwarder" [_thread_blocked, id=11196, stack(0x0000009c87600000,0x0000009c87700000)]
  0x000001bf3b009800 JavaThread "Cache worker for journal cache (D:\kotlin\caches\journal-1)" [_thread_blocked, id=15156, stack(0x0000009c87900000,0x0000009c87a00000)]
  0x000001bf3b00e800 JavaThread "File lock request listener" [_thread_in_native, id=10244, stack(0x0000009c87a00000,0x0000009c87b00000)]

Other Threads:
=>0x000001bf38167000 VMThread "VM Thread" [stack: 0x0000009c86100000,0x0000009c86200000] [id=5952]
  0x000001bf38c58800 WatcherThread [stack: 0x0000009c86b00000,0x0000009c86c00000] [id=6876]
  0x000001bf1e57b000 GCTaskThread "GC Thread#0" [stack: 0x0000009c85c00000,0x0000009c85d00000] [id=1144]
  0x000001bf38f90800 GCTaskThread "GC Thread#1" [stack: 0x0000009c86d00000,0x0000009c86e00000] [id=2608]
  0x000001bf3b02b800 GCTaskThread "GC Thread#2" [stack: 0x0000009c87700000,0x0000009c87800000] [id=6296]
  0x000001bf3a35f800 GCTaskThread "GC Thread#3" [stack: 0x0000009c87800000,0x0000009c87900000] [id=14008]
  0x000001bf1e5ad000 ConcurrentGCThread "G1 Main Marker" [stack: 0x0000009c85d00000,0x0000009c85e00000] [id=16336]
  0x000001bf1e5af000 ConcurrentGCThread "G1 Conc#0" [stack: 0x0000009c85e00000,0x0000009c85f00000] [id=10216]
  0x000001bf1e61f800 ConcurrentGCThread "G1 Refine#0" [stack: 0x0000009c85f00000,0x0000009c86000000] [id=15104]
  0x000001bf1e620800 ConcurrentGCThread "G1 Young RemSet Sampling" [stack: 0x0000009c86000000,0x0000009c86100000] [id=4332]

Threads with active compile tasks:
C2 CompilerThread0     3927 1939   !   4       java.lang.ClassLoader::loadClass (122 bytes)

VM state:at safepoint (normal execution)

VM Mutex/Monitor currently owned by a thread:  ([mutex/lock_event])
[0x000001bf1c4bafe0] Threads_lock - owner thread: 0x000001bf38167000
[0x000001bf1c4bbc40] Heap_lock - owner thread: 0x000001bf3a602000

Heap address: 0x0000000080000000, size: 2048 MB, Compressed Oops mode: 32-bit
Narrow klass base: 0x0000000000000000, Narrow klass shift: 3
Compressed class space size: 1073741824 Address: 0x0000000100000000

Heap:
 garbage-first heap   total 118784K, used 17688K [0x0000000080000000, 0x0000000100000000)
  region size 1024K, 2 young (2048K), 2 survivors (2048K)
 Metaspace       used 20771K, capacity 21195K, committed 21296K, reserved 1069056K
  class space    used 2522K, capacity 2685K, committed 2688K, reserved 1048576K
Heap Regions: E=young(eden), S=young(survivor), O=old, HS=humongous(starts), HC=humongous(continues), CS=collection set, F=free, A=archive, TAMS=top-at-mark-start (previous, next)
|   0|0x0000000080000000, 0x0000000080100000, 0x0000000080100000|100%|HS|  |TAMS 0x0000000080000000, 0x0000000080100000| Complete 
|   1|0x0000000080100000, 0x0000000080200000, 0x0000000080200000|100%|HC|  |TAMS 0x0000000080100000, 0x0000000080200000| Complete 
|   2|0x0000000080200000, 0x0000000080300000, 0x0000000080300000|100%|HC|  |TAMS 0x0000000080200000, 0x0000000080300000| Complete 
|   3|0x0000000080300000, 0x0000000080400000, 0x0000000080400000|100%| O|  |TAMS 0x0000000080300000, 0x0000000080400000| Untracked 
|   4|0x0000000080400000, 0x0000000080500000, 0x0000000080500000|100%| O|  |TAMS 0x0000000080400000, 0x0000000080500000| Untracked 
|   5|0x0000000080500000, 0x0000000080600000, 0x0000000080600000|100%| O|  |TAMS 0x0000000080500000, 0x0000000080600000| Untracked 
|   6|0x0000000080600000, 0x0000000080700000, 0x0000000080700000|100%| O|  |TAMS 0x0000000080600000, 0x0000000080700000| Untracked 
|   7|0x0000000080700000, 0x0000000080800000, 0x0000000080800000|100%| O|  |TAMS 0x0000000080700000, 0x0000000080800000| Untracked 
|   8|0x0000000080800000, 0x0000000080900000, 0x0000000080900000|100%| O|  |TAMS 0x0000000080800000, 0x0000000080900000| Untracked 
|   9|0x0000000080900000, 0x0000000080a00000, 0x0000000080a00000|100%| O|  |TAMS 0x0000000080900000, 0x0000000080a00000| Untracked 
|  10|0x0000000080a00000, 0x0000000080b00000, 0x0000000080b00000|100%| O|  |TAMS 0x0000000080a00000, 0x0000000080b00000| Untracked 
|  11|0x0000000080b00000, 0x0000000080c00000, 0x0000000080c00000|100%| O|  |TAMS 0x0000000080b00000, 0x0000000080c00000| Untracked 
|  12|0x0000000080c00000, 0x0000000080d00000, 0x0000000080d00000|100%| O|  |TAMS 0x0000000080c00000, 0x0000000080d00000| Untracked 
|  13|0x0000000080d00000, 0x0000000080e00000, 0x0000000080e00000|100%| O|  |TAMS 0x0000000080d00000, 0x0000000080e00000| Untracked 
|  14|0x0000000080e00000, 0x0000000080f00000, 0x0000000080f00000|100%| O|  |TAMS 0x0000000080e00000, 0x0000000080f00000| Untracked 
|  15|0x0000000080f00000, 0x0000000081000000, 0x0000000081000000|100%| O|  |TAMS 0x0000000080f00000, 0x0000000081000000| Untracked 
|  16|0x0000000081000000, 0x0000000081013e00, 0x0000000081100000|  7%| O|  |TAMS 0x0000000081000000, 0x0000000081013e00| Untracked 
|  17|0x0000000081100000, 0x0000000081100000, 0x0000000081200000|  0%| F|  |TAMS 0x0000000081100000, 0x0000000081100000| Untracked 
|  18|0x0000000081200000, 0x0000000081200000, 0x0000000081300000|  0%| F|  |TAMS 0x0000000081200000, 0x0000000081200000| Untracked 
|  19|0x0000000081300000, 0x0000000081300000, 0x0000000081400000|  0%| F|  |TAMS 0x0000000081300000, 0x0000000081300000| Untracked 
|  20|0x0000000081400000, 0x0000000081400000, 0x0000000081500000|  0%| F|  |TAMS 0x0000000081400000, 0x0000000081400000| Untracked 
|  21|0x0000000081500000, 0x0000000081500000, 0x0000000081600000|  0%| F|  |TAMS 0x0000000081500000, 0x0000000081500000| Untracked 
|  22|0x0000000081600000, 0x0000000081600000, 0x0000000081700000|  0%| F|  |TAMS 0x0000000081600000, 0x0000000081600000| Untracked 
|  23|0x0000000081700000, 0x0000000081700000, 0x0000000081800000|  0%| F|  |TAMS 0x0000000081700000, 0x0000000081700000| Untracked 
|  24|0x0000000081800000, 0x0000000081800000, 0x0000000081900000|  0%| F|  |TAMS 0x0000000081800000, 0x0000000081800000| Untracked 
|  25|0x0000000081900000, 0x0000000081900000, 0x0000000081a00000|  0%| F|  |TAMS 0x0000000081900000, 0x0000000081900000| Untracked 
|  26|0x0000000081a00000, 0x0000000081a00000, 0x0000000081b00000|  0%| F|  |TAMS 0x0000000081a00000, 0x0000000081a00000| Untracked 
|  27|0x0000000081b00000, 0x0000000081b00000, 0x0000000081c00000|  0%| F|  |TAMS 0x0000000081b00000, 0x0000000081b00000| Untracked 
|  28|0x0000000081c00000, 0x0000000081c00000, 0x0000000081d00000|  0%| F|  |TAMS 0x0000000081c00000, 0x0000000081c00000| Untracked 
|  29|0x0000000081d00000, 0x0000000081d00000, 0x0000000081e00000|  0%| F|  |TAMS 0x0000000081d00000, 0x0000000081d00000| Untracked 
|  30|0x0000000081e00000, 0x0000000081e00000, 0x0000000081f00000|  0%| F|  |TAMS 0x0000000081e00000, 0x0000000081e00000| Untracked 
|  31|0x0000000081f00000, 0x0000000081f00000, 0x0000000082000000|  0%| F|  |TAMS 0x0000000081f00000, 0x0000000081f00000| Untracked 
|  32|0x0000000082000000, 0x0000000082000000, 0x0000000082100000|  0%| F|  |TAMS 0x0000000082000000, 0x0000000082000000| Untracked 
|  33|0x0000000082100000, 0x0000000082100000, 0x0000000082200000|  0%| F|  |TAMS 0x0000000082100000, 0x0000000082100000| Untracked 
|  34|0x0000000082200000, 0x0000000082200000, 0x0000000082300000|  0%| F|  |TAMS 0x0000000082200000, 0x0000000082200000| Untracked 
|  35|0x0000000082300000, 0x0000000082300000, 0x0000000082400000|  0%| F|  |TAMS 0x0000000082300000, 0x0000000082300000| Untracked 
|  36|0x0000000082400000, 0x0000000082400000, 0x0000000082500000|  0%| F|  |TAMS 0x0000000082400000, 0x0000000082400000| Untracked 
|  37|0x0000000082500000, 0x0000000082500000, 0x0000000082600000|  0%| F|  |TAMS 0x0000000082500000, 0x0000000082500000| Untracked 
|  38|0x0000000082600000, 0x0000000082600000, 0x0000000082700000|  0%| F|  |TAMS 0x0000000082600000, 0x0000000082600000| Untracked 
|  39|0x0000000082700000, 0x0000000082700000, 0x0000000082800000|  0%| F|  |TAMS 0x0000000082700000, 0x0000000082700000| Untracked 
|  40|0x0000000082800000, 0x0000000082800000, 0x0000000082900000|  0%| F|  |TAMS 0x0000000082800000, 0x0000000082800000| Untracked 
|  41|0x0000000082900000, 0x0000000082900000, 0x0000000082a00000|  0%| F|  |TAMS 0x0000000082900000, 0x0000000082900000| Untracked 
|  42|0x0000000082a00000, 0x0000000082a00000, 0x0000000082b00000|  0%| F|  |TAMS 0x0000000082a00000, 0x0000000082a00000| Untracked 
|  43|0x0000000082b00000, 0x0000000082b00000, 0x0000000082c00000|  0%| F|  |TAMS 0x0000000082b00000, 0x0000000082b00000| Untracked 
|  44|0x0000000082c00000, 0x0000000082c00000, 0x0000000082d00000|  0%| F|  |TAMS 0x0000000082c00000, 0x0000000082c00000| Untracked 
|  45|0x0000000082d00000, 0x0000000082d00000, 0x0000000082e00000|  0%| F|  |TAMS 0x0000000082d00000, 0x0000000082d00000| Untracked 
|  46|0x0000000082e00000, 0x0000000082e00000, 0x0000000082f00000|  0%| F|  |TAMS 0x0000000082e00000, 0x0000000082e00000| Untracked 
|  47|0x0000000082f00000, 0x0000000082f00000, 0x0000000083000000|  0%| F|  |TAMS 0x0000000082f00000, 0x0000000082f00000| Untracked 
|  48|0x0000000083000000, 0x0000000083000000, 0x0000000083100000|  0%| F|  |TAMS 0x0000000083000000, 0x0000000083000000| Untracked 
|  49|0x0000000083100000, 0x0000000083100000, 0x0000000083200000|  0%| F|  |TAMS 0x0000000083100000, 0x0000000083100000| Untracked 
|  50|0x0000000083200000, 0x0000000083200000, 0x0000000083300000|  0%| F|  |TAMS 0x0000000083200000, 0x0000000083200000| Untracked 
|  51|0x0000000083300000, 0x0000000083300000, 0x0000000083400000|  0%| F|  |TAMS 0x0000000083300000, 0x0000000083300000| Untracked 
|  52|0x0000000083400000, 0x0000000083400000, 0x0000000083500000|  0%| F|  |TAMS 0x0000000083400000, 0x0000000083400000| Untracked 
|  53|0x0000000083500000, 0x0000000083500000, 0x0000000083600000|  0%| F|  |TAMS 0x0000000083500000, 0x0000000083500000| Untracked 
|  54|0x0000000083600000, 0x0000000083600000, 0x0000000083700000|  0%| F|  |TAMS 0x0000000083600000, 0x0000000083600000| Untracked 
|  55|0x0000000083700000, 0x0000000083700000, 0x0000000083800000|  0%| F|  |TAMS 0x0000000083700000, 0x0000000083700000| Untracked 
|  56|0x0000000083800000, 0x0000000083800000, 0x0000000083900000|  0%| F|  |TAMS 0x0000000083800000, 0x0000000083800000| Untracked 
|  57|0x0000000083900000, 0x0000000083900000, 0x0000000083a00000|  0%| F|  |TAMS 0x0000000083900000, 0x0000000083900000| Untracked 
|  58|0x0000000083a00000, 0x0000000083a00000, 0x0000000083b00000|  0%| F|  |TAMS 0x0000000083a00000, 0x0000000083a00000| Untracked 
|  59|0x0000000083b00000, 0x0000000083b00000, 0x0000000083c00000|  0%| F|  |TAMS 0x0000000083b00000, 0x0000000083b00000| Untracked 
|  60|0x0000000083c00000, 0x0000000083c00000, 0x0000000083d00000|  0%| F|  |TAMS 0x0000000083c00000, 0x0000000083c00000| Untracked 
|  61|0x0000000083d00000, 0x0000000083d00000, 0x0000000083e00000|  0%| F|  |TAMS 0x0000000083d00000, 0x0000000083d00000| Untracked 
|  62|0x0000000083e00000, 0x0000000083e00000, 0x0000000083f00000|  0%| F|  |TAMS 0x0000000083e00000, 0x0000000083e00000| Untracked 
|  63|0x0000000083f00000, 0x0000000083f325c0, 0x0000000084000000| 19%| S|CS|TAMS 0x0000000083f00000, 0x0000000083f00000| Complete 
|  64|0x0000000084000000, 0x0000000084100000, 0x0000000084100000|100%| S|CS|TAMS 0x0000000084000000, 0x0000000084000000| Complete 
|  65|0x0000000084100000, 0x0000000084100000, 0x0000000084200000|  0%| F|  |TAMS 0x0000000084100000, 0x0000000084100000| Untracked 
|  66|0x0000000084200000, 0x0000000084200000, 0x0000000084300000|  0%| F|  |TAMS 0x0000000084200000, 0x0000000084200000| Untracked 
|  67|0x0000000084300000, 0x0000000084300000, 0x0000000084400000|  0%| F|  |TAMS 0x0000000084300000, 0x0000000084300000| Untracked 
|  68|0x0000000084400000, 0x0000000084400000, 0x0000000084500000|  0%| F|  |TAMS 0x0000000084400000, 0x0000000084400000| Untracked 
|  69|0x0000000084500000, 0x0000000084500000, 0x0000000084600000|  0%| F|  |TAMS 0x0000000084500000, 0x0000000084500000| Untracked 
|  70|0x0000000084600000, 0x0000000084600000, 0x0000000084700000|  0%| F|  |TAMS 0x0000000084600000, 0x0000000084600000| Untracked 
|  71|0x0000000084700000, 0x0000000084700000, 0x0000000084800000|  0%| F|  |TAMS 0x0000000084700000, 0x0000000084700000| Untracked 
|  72|0x0000000084800000, 0x0000000084800000, 0x0000000084900000|  0%| F|  |TAMS 0x0000000084800000, 0x0000000084800000| Untracked 
|  73|0x0000000084900000, 0x0000000084900000, 0x0000000084a00000|  0%| F|  |TAMS 0x0000000084900000, 0x0000000084900000| Untracked 
|  74|0x0000000084a00000, 0x0000000084a00000, 0x0000000084b00000|  0%| F|  |TAMS 0x0000000084a00000, 0x0000000084a00000| Untracked 
|  75|0x0000000084b00000, 0x0000000084b00000, 0x0000000084c00000|  0%| F|  |TAMS 0x0000000084b00000, 0x0000000084b00000| Untracked 
|  76|0x0000000084c00000, 0x0000000084c00000, 0x0000000084d00000|  0%| F|  |TAMS 0x0000000084c00000, 0x0000000084c00000| Untracked 
|  77|0x0000000084d00000, 0x0000000084d00000, 0x0000000084e00000|  0%| F|  |TAMS 0x0000000084d00000, 0x0000000084d00000| Untracked 
|  78|0x0000000084e00000, 0x0000000084e00000, 0x0000000084f00000|  0%| F|  |TAMS 0x0000000084e00000, 0x0000000084e00000| Untracked 
|  79|0x0000000084f00000, 0x0000000084f00000, 0x0000000085000000|  0%| F|  |TAMS 0x0000000084f00000, 0x0000000084f00000| Untracked 
|  80|0x0000000085000000, 0x0000000085000000, 0x0000000085100000|  0%| F|  |TAMS 0x0000000085000000, 0x0000000085000000| Untracked 
|  81|0x0000000085100000, 0x0000000085100000, 0x0000000085200000|  0%| F|  |TAMS 0x0000000085100000, 0x0000000085100000| Untracked 
|  82|0x0000000085200000, 0x0000000085200000, 0x0000000085300000|  0%| F|  |TAMS 0x0000000085200000, 0x0000000085200000| Untracked 
|  83|0x0000000085300000, 0x0000000085300000, 0x0000000085400000|  0%| F|  |TAMS 0x0000000085300000, 0x0000000085300000| Untracked 
|  84|0x0000000085400000, 0x0000000085400000, 0x0000000085500000|  0%| F|  |TAMS 0x0000000085400000, 0x0000000085400000| Untracked 
|  85|0x0000000085500000, 0x0000000085500000, 0x0000000085600000|  0%| F|  |TAMS 0x0000000085500000, 0x0000000085500000| Untracked 
|  86|0x0000000085600000, 0x0000000085600000, 0x0000000085700000|  0%| F|  |TAMS 0x0000000085600000, 0x0000000085600000| Untracked 
|  87|0x0000000085700000, 0x0000000085700000, 0x0000000085800000|  0%| F|  |TAMS 0x0000000085700000, 0x0000000085700000| Untracked 
|  88|0x0000000085800000, 0x0000000085800000, 0x0000000085900000|  0%| F|  |TAMS 0x0000000085800000, 0x0000000085800000| Untracked 
|  89|0x0000000085900000, 0x0000000085900000, 0x0000000085a00000|  0%| F|  |TAMS 0x0000000085900000, 0x0000000085900000| Untracked 
|  90|0x0000000085a00000, 0x0000000085a00000, 0x0000000085b00000|  0%| F|  |TAMS 0x0000000085a00000, 0x0000000085a00000| Untracked 
|  91|0x0000000085b00000, 0x0000000085b00000, 0x0000000085c00000|  0%| F|  |TAMS 0x0000000085b00000, 0x0000000085b00000| Untracked 
|  92|0x0000000085c00000, 0x0000000085c00000, 0x0000000085d00000|  0%| F|  |TAMS 0x0000000085c00000, 0x0000000085c00000| Untracked 
|  93|0x0000000085d00000, 0x0000000085d00000, 0x0000000085e00000|  0%| F|  |TAMS 0x0000000085d00000, 0x0000000085d00000| Untracked 
|  94|0x0000000085e00000, 0x0000000085e00000, 0x0000000085f00000|  0%| F|  |TAMS 0x0000000085e00000, 0x0000000085e00000| Untracked 
|  95|0x0000000085f00000, 0x0000000085f00000, 0x0000000086000000|  0%| F|  |TAMS 0x0000000085f00000, 0x0000000085f00000| Untracked 

Card table byte_map: [0x000001bf31490000,0x000001bf31890000] _byte_map_base: 0x000001bf31090000

Marking Bits (Prev, Next): (CMBitMap*) 0x000001bf1e5a3218, (CMBitMap*) 0x000001bf1e5a3250
 Prev Bits: [0x000001bf31c90000, 0x000001bf33c90000)
 Next Bits: [0x000001bf33c90000, 0x000001bf35c90000)

Polling page: 0x000001bf1c380000

Metaspace:

Usage:
  Non-class:     18.08 MB capacity,    17.82 MB ( 99%) used,   227.16 KB (  1%) free+waste,    34.69 KB ( <1%) overhead. 
      Class:      2.62 MB capacity,     2.46 MB ( 94%) used,   145.34 KB (  5%) free+waste,    16.81 KB ( <1%) overhead. 
       Both:     20.70 MB capacity,    20.28 MB ( 98%) used,   372.49 KB (  2%) free+waste,    51.50 KB ( <1%) overhead. 

Virtual space:
  Non-class space:       20.00 MB reserved,      18.17 MB ( 91%) committed 
      Class space:        1.00 GB reserved,       2.62 MB ( <1%) committed 
             Both:        1.02 GB reserved,      20.80 MB (  2%) committed 

Chunk freelists:
   Non-Class:  50.00 KB
       Class:  3.00 KB
        Both:  53.00 KB

MaxMetaspaceSize: 17179869184.00 GB
CompressedClassSpaceSize: 1.00 GB
Initial GC threshold: 20.80 MB
Current GC threshold: 20.80 MB
CDS: off

CodeHeap 'non-profiled nmethods': size=120064Kb used=1015Kb max_used=1015Kb free=119048Kb
 bounds [0x000001bf29b50000, 0x000001bf29dc0000, 0x000001bf31090000]
CodeHeap 'profiled nmethods': size=120000Kb used=3984Kb max_used=3984Kb free=116015Kb
 bounds [0x000001bf22620000, 0x000001bf22a10000, 0x000001bf29b50000]
CodeHeap 'non-nmethods': size=5696Kb used=1202Kb max_used=1214Kb free=4493Kb
 bounds [0x000001bf22090000, 0x000001bf22300000, 0x000001bf22620000]
 total_blobs=2412 nmethods=1936 adapters=389
 compilation: enabled
              stopped_count=0, restarted_count=0
 full_count=0

Compilation events (20 events):
Event: 3.869 Thread 0x000001bf38196000 1934       4       java.util.Arrays::copyOf (40 bytes)
Event: 3.869 Thread 0x000001bf38197000 nmethod 1929 0x000001bf229fd590 code [0x000001bf229fd940, 0x000001bf229ff2a8]
Event: 3.869 Thread 0x000001bf38197000 1932       3       java.util.regex.Pattern$BmpCharPropertyGreedy::match (89 bytes)
Event: 3.870 Thread 0x000001bf38197000 nmethod 1932 0x000001bf229ff990 code [0x000001bf229ffba0, 0x000001bf22a001c8]
Event: 3.870 Thread 0x000001bf38197000 1933       3       java.lang.Long::<init> (10 bytes)
Event: 3.870 Thread 0x000001bf38197000 nmethod 1933 0x000001bf22a00410 code [0x000001bf22a005c0, 0x000001bf22a00778]
Event: 3.870 Thread 0x000001bf38197000 1935       3       java.lang.String::subSequence (7 bytes)
Event: 3.870 Thread 0x000001bf38197000 nmethod 1935 0x000001bf22a00890 code [0x000001bf22a00a40, 0x000001bf22a00b68]
Event: 3.870 Thread 0x000001bf38197000 1928       3       java.lang.invoke.VarHandleObjects$FieldInstanceReadWrite::compareAndSet (38 bytes)
Event: 3.870 Thread 0x000001bf38197000 nmethod 1928 0x000001bf22a00c10 code [0x000001bf22a00e80, 0x000001bf22a017e8]
Event: 3.870 Thread 0x000001bf38197000 1930       3       java.lang.invoke.VarHandleGuards::guard_LL_V (103 bytes)
Event: 3.872 Thread 0x000001bf38197000 nmethod 1930 0x000001bf22a01b90 code [0x000001bf22a01f00, 0x000001bf22a039a8]
Event: 3.872 Thread 0x000001bf38197000 1931       1       jdk.internal.reflect.DelegatingMethodAccessorImpl::setDelegate (6 bytes)
Event: 3.872 Thread 0x000001bf38197000 nmethod 1931 0x000001bf29c4cb10 code [0x000001bf29c4ccc0, 0x000001bf29c4cdb8]
Event: 3.872 Thread 0x000001bf38197000 1936       1       java.lang.reflect.Method::getMethodAccessor (5 bytes)
Event: 3.872 Thread 0x000001bf38197000 nmethod 1936 0x000001bf29c4ce10 code [0x000001bf29c4cfc0, 0x000001bf29c4d078]
Event: 3.872 Thread 0x000001bf38197000 1937       1       jdk.internal.reflect.NativeMethodAccessorImpl::setParent (6 bytes)
Event: 3.872 Thread 0x000001bf38197000 nmethod 1937 0x000001bf29c4d110 code [0x000001bf29c4d2c0, 0x000001bf29c4d3b8]
Event: 3.874 Thread 0x000001bf38196000 nmethod 1934 0x000001bf29c4d410 code [0x000001bf29c4d5c0, 0x000001bf29c4d9f8]
Event: 3.875 Thread 0x000001bf38196000 1939   !   4       java.lang.ClassLoader::loadClass (122 bytes)

GC Heap History (9 events):
Event: 0.993 GC heap before
{Heap before GC invocations=0 (full 0):
 garbage-first heap   total 98304K, used 16384K [0x0000000080000000, 0x0000000100000000)
  region size 1024K, 14 young (14336K), 0 survivors (0K)
 Metaspace       used 6773K, capacity 7001K, committed 7168K, reserved 1056768K
  class space    used 573K, capacity 650K, committed 768K, reserved 1048576K
}
Event: 1.000 GC heap after
{Heap after GC invocations=1 (full 0):
 garbage-first heap   total 98304K, used 4237K [0x0000000080000000, 0x0000000100000000)
  region size 1024K, 2 young (2048K), 2 survivors (2048K)
 Metaspace       used 6773K, capacity 7001K, committed 7168K, reserved 1056768K
  class space    used 573K, capacity 650K, committed 768K, reserved 1048576K
}
Event: 1.463 GC heap before
{Heap before GC invocations=1 (full 0):
 garbage-first heap   total 98304K, used 18573K [0x0000000080000000, 0x0000000100000000)
  region size 1024K, 13 young (13312K), 2 survivors (2048K)
 Metaspace       used 10261K, capacity 10565K, committed 10624K, reserved 1058816K
  class space    used 1051K, capacity 1139K, committed 1152K, reserved 1048576K
}
Event: 1.469 GC heap after
{Heap after GC invocations=2 (full 0):
 garbage-first heap   total 98304K, used 9510K [0x0000000080000000, 0x0000000100000000)
  region size 1024K, 2 young (2048K), 2 survivors (2048K)
 Metaspace       used 10261K, capacity 10565K, committed 10624K, reserved 1058816K
  class space    used 1051K, capacity 1139K, committed 1152K, reserved 1048576K
}
Event: 1.871 GC heap before
{Heap before GC invocations=2 (full 0):
 garbage-first heap   total 98304K, used 35110K [0x0000000080000000, 0x0000000100000000)
  region size 1024K, 27 young (27648K), 2 survivors (2048K)
 Metaspace       used 11256K, capacity 11520K, committed 11776K, reserved 1060864K
  class space    used 1155K, capacity 1244K, committed 1280K, reserved 1048576K
}
Event: 1.876 GC heap after
{Heap after GC invocations=3 (full 0):
 garbage-first heap   total 98304K, used 11932K [0x0000000080000000, 0x0000000100000000)
  region size 1024K, 4 young (4096K), 4 survivors (4096K)
 Metaspace       used 11256K, capacity 11520K, committed 11776K, reserved 1060864K
  class space    used 1155K, capacity 1244K, committed 1280K, reserved 1048576K
}
Event: 3.446 GC heap before
{Heap before GC invocations=3 (full 0):
 garbage-first heap   total 98304K, used 49820K [0x0000000080000000, 0x0000000100000000)
  region size 1024K, 40 young (40960K), 4 survivors (4096K)
 Metaspace       used 17530K, capacity 17953K, committed 18176K, reserved 1064960K
  class space    used 2025K, capacity 2179K, committed 2304K, reserved 1048576K
}
Event: 3.457 GC heap after
{Heap after GC invocations=4 (full 0):
 garbage-first heap   total 98304K, used 16063K [0x0000000080000000, 0x0000000100000000)
  region size 1024K, 5 young (5120K), 5 survivors (5120K)
 Metaspace       used 17530K, capacity 17953K, committed 18176K, reserved 1064960K
  class space    used 2025K, capacity 2179K, committed 2304K, reserved 1048576K
}
Event: 3.887 GC heap before
{Heap before GC invocations=4 (full 0):
 garbage-first heap   total 98304K, used 46783K [0x0000000080000000, 0x0000000100000000)
  region size 1024K, 36 young (36864K), 5 survivors (5120K)
 Metaspace       used 20771K, capacity 21195K, committed 21296K, reserved 1069056K
  class space    used 2522K, capacity 2685K, committed 2688K, reserved 1048576K
}

Deoptimization events (20 events):
Event: 3.687 Thread 0x000001bf3a602000 DEOPT PACKING pc=0x000001bf29b6d26c sp=0x0000009c873fce50
Event: 3.687 Thread 0x000001bf3a602000 DEOPT UNPACKING pc=0x000001bf220da1af sp=0x0000009c873fcdf8 mode 2
Event: 3.688 Thread 0x000001bf3a602000 Uncommon trap: trap_request=0xffffffc6 fr.pc=0x000001bf29bd4224 relative=0x0000000000000084
Event: 3.688 Thread 0x000001bf3a602000 Uncommon trap: reason=bimorphic_or_optimized_type_check action=maybe_recompile pc=0x000001bf29bd4224 method=java.util.AbstractList$Itr.hasNext()Z @ 8 c2
Event: 3.688 Thread 0x000001bf3a602000 DEOPT PACKING pc=0x000001bf29bd4224 sp=0x0000009c873fc2f0
Event: 3.688 Thread 0x000001bf3a602000 DEOPT UNPACKING pc=0x000001bf220da1af sp=0x0000009c873fc288 mode 2
Event: 3.688 Thread 0x000001bf3a602000 Uncommon trap: trap_request=0xffffffc6 fr.pc=0x000001bf29bd7ef4 relative=0x0000000000000134
Event: 3.688 Thread 0x000001bf3a602000 Uncommon trap: reason=bimorphic_or_optimized_type_check action=maybe_recompile pc=0x000001bf29bd7ef4 method=java.util.AbstractList$Itr.next()Ljava/lang/Object; @ 14 c2
Event: 3.688 Thread 0x000001bf3a602000 DEOPT PACKING pc=0x000001bf29bd7ef4 sp=0x0000009c873fc2e0
Event: 3.688 Thread 0x000001bf3a602000 DEOPT UNPACKING pc=0x000001bf220da1af sp=0x0000009c873fc278 mode 2
Event: 3.688 Thread 0x000001bf3a602000 Uncommon trap: trap_request=0xffffff4d fr.pc=0x000001bf29bd6b5c relative=0x000000000000051c
Event: 3.688 Thread 0x000001bf3a602000 Uncommon trap: reason=unstable_if action=reinterpret pc=0x000001bf29bd6b5c method=java.io.File.getName()Ljava/lang/String; @ 16 c2
Event: 3.688 Thread 0x000001bf3a602000 DEOPT PACKING pc=0x000001bf29bd6b5c sp=0x0000009c873fcdf0
Event: 3.688 Thread 0x000001bf3a602000 DEOPT UNPACKING pc=0x000001bf220da1af sp=0x0000009c873fcdc0 mode 2
Event: 3.818 Thread 0x000001bf3a602000 Uncommon trap: trap_request=0xffffffcc fr.pc=0x000001bf29c43778 relative=0x00000000000002b8
Event: 3.818 Thread 0x000001bf3a602000 Uncommon trap: reason=intrinsic_or_type_checked_inlining action=make_not_entrant pc=0x000001bf29c43778 method=java.util.Arrays.copyOf([Ljava/lang/Object;ILjava/lang/Class;)[Ljava/lang/Object; @ 35 c2
Event: 3.818 Thread 0x000001bf3a602000 DEOPT PACKING pc=0x000001bf29c43778 sp=0x0000009c873fd6e0
Event: 3.818 Thread 0x000001bf3a602000 DEOPT UNPACKING pc=0x000001bf220da1af sp=0x0000009c873fd688 mode 2
Event: 3.862 Thread 0x000001bf3a602000 DEOPT PACKING pc=0x000001bf2298e8e8 sp=0x0000009c873f9b90
Event: 3.863 Thread 0x000001bf3a602000 DEOPT UNPACKING pc=0x000001bf220da95e sp=0x0000009c873f9098 mode 0

Classes redefined (0 events):
No events

Internal exceptions (20 events):
Event: 0.384 Thread 0x000001bf1e564800 Exception <a 'java/lang/NoSuchMethodError'{0x0000000085d14378}: 'int java.lang.invoke.DirectMethodHandle$Holder.invokeStaticInit(java.lang.Object, java.lang.Object)'> (0x0000000085d14378) thrown at [src/hotspot/share/interpreter/linkResolver.cpp, line 773]
Event: 0.429 Thread 0x000001bf1e564800 Exception <a 'java/lang/NoSuchMethodError'{0x0000000085ddd7e0}: 'int java.lang.invoke.DirectMethodHandle$Holder.invokeSpecial(java.lang.Object, java.lang.Object, java.lang.Object, java.lang.Object)'> (0x0000000085ddd7e0) thrown at [src/hotspot/share/interpreter/linkResolver.cpp, line 773]
Event: 0.437 Thread 0x000001bf1e564800 Exception <a 'java/lang/NoSuchMethodError'{0x0000000085c14ea0}: 'int java.lang.invoke.DirectMethodHandle$Holder.invokeSpecialIFC(java.lang.Object, java.lang.Object, int)'> (0x0000000085c14ea0) thrown at [src/hotspot/share/interpreter/linkResolver.cpp, line 773]
Event: 1.078 Thread 0x000001bf1e564800 Exception <a 'java/lang/NoClassDefFoundError'{0x0000000085e934a0}: org/slf4j/impl/StaticMarkerBinder> (0x0000000085e934a0) thrown at [src/hotspot/share/classfile/systemDictionary.cpp, line 219]
Event: 1.221 Thread 0x000001bf1e564800 Exception <a 'java/lang/NoSuchMethodError'{0x0000000085bcfcd8}: 'java.lang.Object java.lang.invoke.DirectMethodHandle$Holder.invokeVirtual(java.lang.Object, java.lang.Object, java.lang.Object, java.lang.Object, java.lang.Object, java.lang.Object, java.lang.Object)'> (0x0000000085bcfcd8) thrown at [src/hotspot/share/interpreter/linkResolver.cpp, line 773]
Event: 1.225 Thread 0x000001bf1e564800 Exception <a 'java/lang/NoSuchMethodError'{0x0000000085be4640}: 'java.lang.Object java.lang.invoke.Invokers$Holder.invoker(java.lang.Object, java.lang.Object, java.lang.Object)'> (0x0000000085be4640) thrown at [src/hotspot/share/interpreter/linkResolver.cpp, line 773]
Event: 1.234 Thread 0x000001bf1e564800 Exception <a 'java/lang/NoSuchMethodError'{0x0000000085bf56b8}: 'void java.lang.invoke.DelegatingMethodHandle$Holder.delegate(java.lang.Object, java.lang.Object, int, java.lang.Object)'> (0x0000000085bf56b8) thrown at [src/hotspot/share/interpreter/linkResolver.cpp, line 773]
Event: 1.967 Thread 0x000001bf1e564800 Exception <a 'java/security/PrivilegedActionException'{0x0000000085c28b48}> (0x0000000085c28b48) thrown at [src/hotspot/share/prims/jvm.cpp, line 1306]
Event: 1.967 Thread 0x000001bf1e564800 Exception <a 'java/security/PrivilegedActionException'{0x0000000085c290c0}> (0x0000000085c290c0) thrown at [src/hotspot/share/prims/jvm.cpp, line 1306]
Event: 2.303 Thread 0x000001bf1e564800 Exception <a 'java/lang/NoSuchMethodError'{0x0000000084cf6768}: 'java.lang.Object java.lang.invoke.DirectMethodHandle$Holder.invokeStaticInit(java.lang.Object, java.lang.Object, java.lang.Object)'> (0x0000000084cf6768) thrown at [src/hotspot/share/interpreter/linkResolver.cpp, line 773]
Event: 2.595 Thread 0x000001bf1e564800 Exception <a 'java/lang/NoSuchMethodError'{0x0000000084586238}: 'java.lang.Object java.lang.invoke.DirectMethodHandle$Holder.invokeStaticInit(java.lang.Object, int, int, int, int)'> (0x0000000084586238) thrown at [src/hotspot/share/interpreter/linkResolver.cpp, line 773]
Event: 2.833 Thread 0x000001bf1e564800 Exception <a 'java/lang/NoSuchMethodError'{0x00000000845a0a18}: 'java.lang.Object java.lang.invoke.DirectMethodHandle$Holder.invokeStaticInit(java.lang.Object, java.lang.Object, int, int, int, int)'> (0x00000000845a0a18) thrown at [src/hotspot/share/interpreter/linkResolver.cpp, line 773]
Event: 3.202 Thread 0x000001bf1e564800 Exception <a 'java/io/IOException'{0x0000000083fc7dd8}> (0x0000000083fc7dd8) thrown at [src/hotspot/share/prims/jni.cpp, line 617]
Event: 3.412 Thread 0x000001bf3a602000 Exception <a 'java/lang/NoSuchMethodError'{0x0000000083964880}: 'long java.lang.invoke.DirectMethodHandle$Holder.invokeInterface(java.lang.Object, java.lang.Object)'> (0x0000000083964880) thrown at [src/hotspot/share/interpreter/linkResolver.cpp, line 773]
Event: 3.414 Thread 0x000001bf3a602000 Exception <a 'java/lang/NoSuchMethodError'{0x0000000083971920}: 'void java.lang.invoke.DelegatingMethodHandle$Holder.reinvoke_L(java.lang.Object, java.lang.Object, java.lang.Object, java.lang.Object, java.lang.Object, java.lang.Object, java.lang.Object)'> (0x0000000083971920) thrown at [src/hotspot/share/interpreter/linkResolver.cpp, line 773]
Event: 3.545 Thread 0x000001bf3a602000 Exception <a 'java/lang/NoSuchMethodError'{0x00000000859cb1e8}: 'void java.lang.invoke.DirectMethodHandle$Holder.invokeStaticInit(java.lang.Object)'> (0x00000000859cb1e8) thrown at [src/hotspot/share/interpreter/linkResolver.cpp, line 773]
Event: 3.559 Thread 0x000001bf3a602000 Exception <a 'java/lang/NoSuchMethodError'{0x0000000085886858}: 'java.lang.Object java.lang.invoke.DirectMethodHandle$Holder.invokeStatic(java.lang.Object, java.lang.Object, java.lang.Object, int)'> (0x0000000085886858) thrown at [src/hotspot/share/interpreter/linkResolver.cpp, line 773]
Event: 3.559 Thread 0x000001bf3a602000 Exception <a 'java/lang/NoSuchMethodError'{0x000000008588aa20}: 'java.lang.Object java.lang.invoke.DirectMethodHandle$Holder.invokeSpecial(java.lang.Object, java.lang.Object, java.lang.Object, java.lang.Object, int)'> (0x000000008588aa20) thrown at [src/hotspot/share/interpreter/linkResolver.cpp, line 773]
Event: 3.559 Thread 0x000001bf3a602000 Exception <a 'java/lang/NoSuchMethodError'{0x000000008588e408}: 'java.lang.Object java.lang.invoke.Invokers$Holder.linkToTargetMethod(java.lang.Object, java.lang.Object, int, java.lang.Object)'> (0x000000008588e408) thrown at [src/hotspot/share/interpreter/linkResolver.cpp, line 773]
Event: 3.756 Thread 0x000001bf3a602000 Exception <a 'java/lang/NoSuchMethodError'{0x0000000084f8a930}: 'java.lang.Object java.lang.invoke.Invokers$Holder.linkToTargetMethod(java.lang.Object, java.lang.Object, java.lang.Object, java.lang.Object, java.lang.Object, java.lang.Object)'> (0x0000000084f8a930) thrown at [src/hotspot/share/interpreter/linkResolver.cpp, line 773]

Events (20 events):
Event: 3.881 loading class com/google/common/collect/Interners$InternerImpl done
Event: 3.882 loading class com/google/common/collect/MapMakerInternalMap
Event: 3.882 loading class com/google/common/collect/MapMakerInternalMap done
Event: 3.883 loading class com/google/common/collect/MapMakerInternalMap$WeakValueReference
Event: 3.883 loading class com/google/common/collect/MapMakerInternalMap$WeakValueReference done
Event: 3.883 loading class com/google/common/collect/MapMakerInternalMap$InternalEntryHelper
Event: 3.883 loading class com/google/common/collect/MapMakerInternalMap$InternalEntryHelper done
Event: 3.884 loading class com/google/common/collect/MapMakerInternalMap$1
Event: 3.884 loading class com/google/common/collect/MapMakerInternalMap$1 done
Event: 3.884 loading class com/google/common/collect/MapMakerInternalMap$InternalEntry
Event: 3.884 loading class com/google/common/collect/MapMakerInternalMap$InternalEntry done
Event: 3.884 loading class com/google/common/collect/MapMakerInternalMap$WeakKeyDummyValueEntry$Helper
Event: 3.884 loading class com/google/common/collect/MapMakerInternalMap$WeakKeyDummyValueEntry$Helper done
Event: 3.885 loading class com/google/common/collect/MapMakerInternalMap$Segment
Event: 3.885 loading class com/google/common/collect/MapMakerInternalMap$Segment done
Event: 3.885 loading class com/google/common/collect/MapMakerInternalMap$WeakKeyDummyValueSegment
Event: 3.885 loading class com/google/common/collect/MapMakerInternalMap$WeakKeyDummyValueSegment done
Event: 3.886 loading class org/gradle/api/internal/changedetection/state/CachingFileHasher
Event: 3.886 loading class org/gradle/api/internal/changedetection/state/CachingFileHasher done
Event: 3.887 Executing VM operation: CollectForMetadataAllocation


Dynamic libraries:
0x00007ff7cfc40000 - 0x00007ff7cfc4a000 	C:\Program Files\Android\Android Studio\jbr\bin\java.exe
0x00007ff9e1f90000 - 0x00007ff9e2188000 	C:\Windows\SYSTEM32\ntdll.dll
0x00007ff9e10a0000 - 0x00007ff9e115f000 	C:\Windows\System32\KERNEL32.DLL
0x00007ff9df8b0000 - 0x00007ff9dfb82000 	C:\Windows\System32\KERNELBASE.dll
0x00007ff9dfc30000 - 0x00007ff9dfd30000 	C:\Windows\System32\ucrtbase.dll
0x00007ff9da800000 - 0x00007ff9da817000 	C:\Program Files\Android\Android Studio\jbr\bin\jli.dll
0x00007ff9e0060000 - 0x00007ff9e0201000 	C:\Windows\System32\USER32.dll
0x00007ff9dfdf0000 - 0x00007ff9dfe12000 	C:\Windows\System32\win32u.dll
0x00007ff9e04e0000 - 0x00007ff9e050b000 	C:\Windows\System32\GDI32.dll
0x00007ff9dfed0000 - 0x00007ff9dffdf000 	C:\Windows\System32\gdi32full.dll
0x00007ff9dfb90000 - 0x00007ff9dfc2d000 	C:\Windows\System32\msvcp_win.dll
0x00007ff9d9be0000 - 0x00007ff9d9bfb000 	C:\Program Files\Android\Android Studio\jbr\bin\VCRUNTIME140.dll
0x00007ff9cd840000 - 0x00007ff9cdada000 	C:\Windows\WinSxS\amd64_microsoft.windows.common-controls_6595b64144ccf1df_6.0.19041.1110_none_60b5254171f9507e\COMCTL32.dll
0x00007ff9e0360000 - 0x00007ff9e03fe000 	C:\Windows\System32\msvcrt.dll
0x00007ff9e0210000 - 0x00007ff9e0240000 	C:\Windows\System32\IMM32.DLL
0x00007ff9dcaa0000 - 0x00007ff9dcaac000 	C:\Program Files\Android\Android Studio\jbr\bin\vcruntime140_1.dll
0x00007ff9c5570000 - 0x00007ff9c55fd000 	C:\Program Files\Android\Android Studio\jbr\bin\msvcp140.dll
0x00007ff9868f0000 - 0x00007ff9874ac000 	C:\Program Files\Android\Android Studio\jbr\bin\server\jvm.dll
0x00007ff9e0510000 - 0x00007ff9e05be000 	C:\Windows\System32\ADVAPI32.dll
0x00007ff9e0ff0000 - 0x00007ff9e108c000 	C:\Windows\System32\sechost.dll
0x00007ff9e1780000 - 0x00007ff9e18a4000 	C:\Windows\System32\RPCRT4.dll
0x00007ff9e0f10000 - 0x00007ff9e0f18000 	C:\Windows\System32\PSAPI.DLL
0x00007ff9dddd0000 - 0x00007ff9dddd9000 	C:\Windows\SYSTEM32\WSOCK32.dll
0x00007ff9e19c0000 - 0x00007ff9e1a2b000 	C:\Windows\System32\WS2_32.dll
0x00007ff9cecc0000 - 0x00007ff9cece7000 	C:\Windows\SYSTEM32\WINMM.dll
0x00007ff9d7bb0000 - 0x00007ff9d7bba000 	C:\Windows\SYSTEM32\VERSION.dll
0x00007ff9ddf30000 - 0x00007ff9ddf42000 	C:\Windows\SYSTEM32\kernel.appcore.dll
0x00007ff9da0e0000 - 0x00007ff9da0f0000 	C:\Program Files\Android\Android Studio\jbr\bin\verify.dll
0x00007ff9ddbc0000 - 0x00007ff9ddda4000 	C:\Windows\SYSTEM32\DBGHELP.DLL
0x00007ff9d9c50000 - 0x00007ff9d9c85000 	C:\Windows\SYSTEM32\dbgcore.DLL
0x00007ff9dfd30000 - 0x00007ff9dfdb2000 	C:\Windows\System32\bcryptPrimitives.dll
0x00007ff9d7b00000 - 0x00007ff9d7b28000 	C:\Program Files\Android\Android Studio\jbr\bin\java.dll
0x00007ff9d9c30000 - 0x00007ff9d9c3a000 	C:\Program Files\Android\Android Studio\jbr\bin\jimage.dll
0x00007ff9d9b00000 - 0x00007ff9d9b18000 	C:\Program Files\Android\Android Studio\jbr\bin\zip.dll
0x00007ff9e0630000 - 0x00007ff9e0d75000 	C:\Windows\System32\SHELL32.dll
0x00007ff9dd350000 - 0x00007ff9ddae2000 	C:\Windows\SYSTEM32\windows.storage.dll
0x00007ff9e1160000 - 0x00007ff9e14b5000 	C:\Windows\System32\combase.dll
0x00007ff9df010000 - 0x00007ff9df040000 	C:\Windows\SYSTEM32\Wldp.dll
0x00007ff9e1910000 - 0x00007ff9e19bd000 	C:\Windows\System32\SHCORE.dll
0x00007ff9e05c0000 - 0x00007ff9e0615000 	C:\Windows\System32\shlwapi.dll
0x00007ff9df5d0000 - 0x00007ff9df5ef000 	C:\Windows\SYSTEM32\profapi.dll
0x00007ff9d7ae0000 - 0x00007ff9d7af9000 	C:\Program Files\Android\Android Studio\jbr\bin\net.dll
0x00007ff9d66d0000 - 0x00007ff9d67da000 	C:\Windows\SYSTEM32\WINHTTP.dll
0x00007ff9ded70000 - 0x00007ff9dedda000 	C:\Windows\system32\mswsock.dll
0x00007ff9d7ac0000 - 0x00007ff9d7ad3000 	C:\Program Files\Android\Android Studio\jbr\bin\nio.dll
0x00007ff9d1570000 - 0x00007ff9d1597000 	D:\kotlin\native\e1d6ef7f7dcc3fd88c89a11ec53ec762bb8ba0a96d01ffa2cd45eb1d1d8dd5c5\windows-amd64\native-platform.dll
0x00007ff9bdf10000 - 0x00007ff9be054000 	D:\kotlin\native\0d407fdbe67a94daf76414ababcb853783967236a71b16ec16e742cd7a986fd3\windows-amd64\native-platform-file-events.dll
0x00007ff9d9c00000 - 0x00007ff9d9c0a000 	C:\Program Files\Android\Android Studio\jbr\bin\management.dll
0x00007ff9d7ab0000 - 0x00007ff9d7abb000 	C:\Program Files\Android\Android Studio\jbr\bin\management_ext.dll
0x00007ff9def60000 - 0x00007ff9def78000 	C:\Windows\SYSTEM32\CRYPTSP.dll
0x00007ff9de690000 - 0x00007ff9de6c4000 	C:\Windows\system32\rsaenh.dll
0x00007ff9dfdc0000 - 0x00007ff9dfde7000 	C:\Windows\System32\bcrypt.dll
0x00007ff9df550000 - 0x00007ff9df57e000 	C:\Windows\SYSTEM32\USERENV.dll
0x00007ff9def80000 - 0x00007ff9def8c000 	C:\Windows\SYSTEM32\CRYPTBASE.dll
0x00007ff9dea60000 - 0x00007ff9dea9b000 	C:\Windows\SYSTEM32\IPHLPAPI.DLL
0x00007ff9e0620000 - 0x00007ff9e0628000 	C:\Windows\System32\NSI.dll
0x00007ff9d8930000 - 0x00007ff9d8947000 	C:\Windows\SYSTEM32\dhcpcsvc6.DLL
0x00007ff9d8830000 - 0x00007ff9d884d000 	C:\Windows\SYSTEM32\dhcpcsvc.DLL
0x00007ff9deab0000 - 0x00007ff9deb7b000 	C:\Windows\SYSTEM32\DNSAPI.dll

dbghelp: loaded successfully - version: 4.0.5 - missing functions: none
symbol engine: initialized successfully - sym options: 0x614 - pdb path: .;C:\Program Files\Android\Android Studio\jbr\bin;C:\Windows\SYSTEM32;C:\Windows\WinSxS\amd64_microsoft.windows.common-controls_6595b64144ccf1df_6.0.19041.1110_none_60b5254171f9507e;C:\Program Files\Android\Android Studio\jbr\bin\server;D:\kotlin\native\e1d6ef7f7dcc3fd88c89a11ec53ec762bb8ba0a96d01ffa2cd45eb1d1d8dd5c5\windows-amd64;D:\kotlin\native\0d407fdbe67a94daf76414ababcb853783967236a71b16ec16e742cd7a986fd3\windows-amd64

VM Arguments:
jvm_args: --add-opens=java.base/java.util=ALL-UNNAMED --add-opens=java.base/java.lang=ALL-UNNAMED --add-opens=java.base/java.lang.invoke=ALL-UNNAMED --add-opens=java.base/java.util=ALL-UNNAMED --add-opens=java.prefs/java.util.prefs=ALL-UNNAMED --add-opens=java.prefs/java.util.prefs=ALL-UNNAMED --add-opens=java.base/java.nio.charset=ALL-UNNAMED --add-opens=java.base/java.net=ALL-UNNAMED --add-opens=java.base/java.util.concurrent.atomic=ALL-UNNAMED -Xmx2048m -Dfile.encoding=UTF-8 -Duser.country=RU -Duser.language=ru -Duser.variant 
java_command: org.gradle.launcher.daemon.bootstrap.GradleDaemon 7.5
java_class_path (initial): D:\kotlin\wrapper\dists\gradle-7.5-bin\f1w0cc9nuo0eivz97x2xlu9sv\gradle-7.5\lib\gradle-launcher-7.5.jar
Launcher Type: SUN_STANDARD

[Global flags]
     intx CICompilerCount                          = 3                                         {product} {ergonomic}
     uint ConcGCThreads                            = 1                                         {product} {ergonomic}
     uint G1ConcRefinementThreads                  = 4                                         {product} {ergonomic}
   size_t G1HeapRegionSize                         = 1048576                                   {product} {ergonomic}
    uintx GCDrainStackTargetSize                   = 64                                        {product} {ergonomic}
   size_t InitialHeapSize                          = 100663296                                 {product} {ergonomic}
   size_t MarkStackSize                            = 4194304                                   {product} {ergonomic}
   size_t MaxHeapSize                              = 2147483648                                {product} {command line}
   size_t MaxNewSize                               = 1287651328                                {product} {ergonomic}
   size_t MinHeapDeltaBytes                        = 1048576                                   {product} {ergonomic}
    uintx NonNMethodCodeHeapSize                   = 5830732                                {pd product} {ergonomic}
    uintx NonProfiledCodeHeapSize                  = 122913754                              {pd product} {ergonomic}
    uintx ProfiledCodeHeapSize                     = 122913754                              {pd product} {ergonomic}
    uintx ReservedCodeCacheSize                    = 251658240                              {pd product} {ergonomic}
     bool SegmentedCodeCache                       = true                                      {product} {ergonomic}
     bool UseCompressedClassPointers               = true                                 {lp64_product} {ergonomic}
     bool UseCompressedOops                        = true                                 {lp64_product} {ergonomic}
     bool UseG1GC                                  = true                                      {product} {ergonomic}
     bool UseLargePagesIndividualAllocation        = false                                  {pd product} {ergonomic}

Logging:
Log output configuration:
 #0: stdout all=warning uptime,level,tags
 #1: stderr all=off uptime,level,tags

Environment Variables:
PATH=C:\Program Files (x86)\Intel\iCLS Client\;C:\Program Files\Intel\iCLS Client\;C:\Windows\system32;C:\Windows;C:\Windows\System32\Wbem;C:\Windows\System32\WindowsPowerShell\v1.0\;C:\Windows\System32\OpenSSH\;C:\Program Files (x86)\Intel\Intel(R) Management Engine Components\DAL;C:\Program Files\Intel\Intel(R) Management Engine Components\DAL;C:\Program Files (x86)\Intel\Intel(R) Management Engine Components\IPT;C:\Program Files\Intel\Intel(R) Management Engine Components\IPT;C:\Program Files\Microsoft SQL Server\120\Tools\Binn\;C:\Program Files (x86)\NVIDIA Corporation\PhysX\Common;C:\Program Files\NVIDIA Corporation\NVIDIA NvDLISR;C:\Program Files\dotnet\;C:\Program Files\Git\cmd;C:\Users\Максим 221-114\AppData\Local\Microsoft\WindowsApps;C:\Users\Максим 221-114\.dotnet\tools;C:\Users\Максим 221-114\AppData\Local\GitHubDesktop\bin
USERNAME=Максим 221-114
OS=Windows_NT
PROCESSOR_IDENTIFIER=Intel64 Family 6 Model 61 Stepping 4, GenuineIntel



---------------  S Y S T E M  ---------------

OS: Windows 10 , 64 bit Build 19041 (10.0.19041.2546)
OS uptime: 4 days 3:27 hours

CPU:total 4 (initial active 4) (2 cores per cpu, 2 threads per core) family 6 model 61 stepping 4 microcode 0x2d, cmov, cx8, fxsr, mmx, sse, sse2, sse3, ssse3, sse4.1, sse4.2, popcnt, avx, avx2, aes, clmul, erms, 3dnowpref, lzcnt, ht, tsc, tscinvbit, bmi1, bmi2, adx, fma

Memory: 4k page, system-wide physical 6043M (364M free)
TotalPageFile size 10139M (AvailPageFile size 22M)
current process WorkingSet (physical memory assigned to process): 159M, peak: 159M
current process commit charge ("private bytes"): 225M, peak: 245M

vm_info: OpenJDK 64-Bit Server VM (11.0.15+0-b2043.56-9505619) for windows-amd64 JRE (11.0.15+0-b2043.56-9505619), built on Jan 19 2023 02:48:00 by "builduser" with unknown MS VC++:1929

END.
