#
# There is insufficient memory for the Java Runtime Environment to continue.
# Native memory allocation (malloc) failed to allocate 1323856 bytes for Chunk::new
# Possible reasons:
#   The system is out of physical RAM or swap space
#   The process is running with CompressedOops enabled, and the Java Heap may be blocking the growth of the native heap
# Possible solutions:
#   Reduce memory load on the system
#   Increase physical memory or swap space
#   Check if swap backing store is full
#   Decrease Java heap size (-Xmx/-Xms)
#   Decrease number of Java threads
#   Decrease Java thread stack sizes (-Xss)
#   Set larger code cache with -XX:ReservedCodeCacheSize=
#   JVM is running with Unscaled Compressed Oops mode in which the Java heap is
#     placed in the first 4GB address space. The Java Heap base address is the
#     maximum limit for the native heap growth. Please use -XX:HeapBaseMinAddress
#     to set the Java Heap base and to place the Java Heap above 4GB virtual address.
# This output file may be truncated or incomplete.
#
#  Out of Memory Error (src/hotspot/share/memory/arena.cpp:197), pid=14860, tid=11344
#
# JRE version: OpenJDK Runtime Environment (11.0.15) (build 11.0.15+0-b2043.56-9505619)
# Java VM: OpenJDK 64-Bit Server VM (11.0.15+0-b2043.56-9505619, mixed mode, tiered, compressed oops, g1 gc, windows-amd64)
# No core dump will be written. Minidumps are not enabled by default on client versions of Windows
#

---------------  S U M M A R Y ------------

Command Line: --add-opens=java.base/java.util=ALL-UNNAMED --add-opens=java.base/java.lang=ALL-UNNAMED --add-opens=java.base/java.lang.invoke=ALL-UNNAMED --add-opens=java.base/java.util=ALL-UNNAMED --add-opens=java.prefs/java.util.prefs=ALL-UNNAMED --add-opens=java.prefs/java.util.prefs=ALL-UNNAMED --add-opens=java.base/java.nio.charset=ALL-UNNAMED --add-opens=java.base/java.net=ALL-UNNAMED --add-opens=java.base/java.util.concurrent.atomic=ALL-UNNAMED -Xmx2048m -Dfile.encoding=UTF-8 -Duser.country=RU -Duser.language=ru -Duser.variant org.gradle.launcher.daemon.bootstrap.GradleDaemon 7.5

Host: Intel(R) Core(TM) i7-5500U CPU @ 2.40GHz, 4 cores, 5G,  Windows 10 , 64 bit Build 19041 (10.0.19041.2546)
Time: Mon Apr 10 14:16:27 2023 RTZ 2 (s 10 , 64 bit Build 19041 (10.0.19041.2546) elapsed time: 32.191990 seconds (0d 0h 0m 32s)

---------------  T H R E A D  ---------------

Current thread (0x000001eb9d815000):  JavaThread "C2 CompilerThread0" daemon [_thread_in_native, id=11344, stack(0x000000abdc400000,0x000000abdc500000)]


Current CompileTask:
C2:  32196 9002       4       java.lang.Class::annotationData (44 bytes)

Stack: [0x000000abdc400000,0x000000abdc500000]
Native frames: (J=compiled Java code, j=interpreted, Vv=VM code, C=native code)
V  [jvm.dll+0x64135a]
V  [jvm.dll+0x7d39f9]
V  [jvm.dll+0x7d51b9]
V  [jvm.dll+0x7d58a3]
V  [jvm.dll+0x2691c5]
V  [jvm.dll+0xc1a5c]
V  [jvm.dll+0xc200c]
V  [jvm.dll+0x377462]
V  [jvm.dll+0x1b3732]
V  [jvm.dll+0x22163e]
V  [jvm.dll+0x220498]
V  [jvm.dll+0x19e851]
V  [jvm.dll+0x230479]
V  [jvm.dll+0x22e5ef]
V  [jvm.dll+0x794de1]
V  [jvm.dll+0x78dc24]
V  [jvm.dll+0x6400f6]
C  [ucrtbase.dll+0x21bb2]
C  [KERNEL32.DLL+0x17614]
C  [ntdll.dll+0x526a1]


---------------  P R O C E S S  ---------------

Threads class SMR info:
_java_thread_list=0x000001eba58ddb70, length=79, elements={
0x000001eb83be4800, 0x000001eb9d7ec800, 0x000001eb9d7fa800, 0x000001eb9d80e000,
0x000001eb9d80e800, 0x000001eb9d810000, 0x000001eb9d815000, 0x000001eb9d819000,
0x000001eb9d833000, 0x000001eb9e2d6000, 0x000001eb9fbc7800, 0x000001eb9e3c1800,
0x000001eba030b000, 0x000001eba074c000, 0x000001eba0bc9800, 0x000001eb9f594000,
0x000001eba1238800, 0x000001eb9f98c800, 0x000001eba0bc2800, 0x000001eba0563000,
0x000001eba10e9800, 0x000001eba10e7000, 0x000001eba10ea000, 0x000001eba10eb000,
0x000001eba10e5800, 0x000001eba10e8800, 0x000001eba10ec000, 0x000001eba10e6000,
0x000001eba10e7800, 0x000001eba12bd000, 0x000001eba12ba800, 0x000001eba12bb800,
0x000001eba12b8800, 0x000001eba12bf000, 0x000001eba12bf800, 0x000001eba12ba000,
0x000001eba12c3800, 0x000001eba12c2000, 0x000001eba12c6000, 0x000001eba12c3000,
0x000001eba12c1800, 0x000001eba12c0800, 0x000001eba12c4800, 0x000001eba12c7000,
0x000001eba12c5800, 0x000001eba1ed1800, 0x000001eba1ed4800, 0x000001eba1ed2000,
0x000001eba1ed0800, 0x000001eba1ed3000, 0x000001eba1ed3800, 0x000001eba1ed5800,
0x000001eba1ecf800, 0x000001eba1ed8800, 0x000001eba1ed7000, 0x000001eba1edb000,
0x000001eba1edc000, 0x000001eba1ed9800, 0x000001eba1ed8000, 0x000001eba1eda800,
0x000001eba1ed6000, 0x000001eba1ede800, 0x000001eba1edc800, 0x000001eba1edd800,
0x000001eb9e2e1800, 0x000001eb9e2e0000, 0x000001eb9e2e1000, 0x000001eb9e2e2800,
0x000001eb9e2e3800, 0x000001eb9e2dd800, 0x000001eb9e2e4000, 0x000001eb9e2de800,
0x000001eb9e2e5000, 0x000001eb9e2df000, 0x000001eb9e2ea000, 0x000001eb9e2ea800,
0x000001eb9e2e9000, 0x000001eb9e2e6000, 0x000001eb9e2eb800
}

Java Threads: ( => current thread )
  0x000001eb83be4800 JavaThread "main" [_thread_blocked, id=3964, stack(0x000000abdb800000,0x000000abdb900000)]
  0x000001eb9d7ec800 JavaThread "Reference Handler" daemon [_thread_blocked, id=14568, stack(0x000000abdbf00000,0x000000abdc000000)]
  0x000001eb9d7fa800 JavaThread "Finalizer" daemon [_thread_blocked, id=13324, stack(0x000000abdc000000,0x000000abdc100000)]
  0x000001eb9d80e000 JavaThread "Signal Dispatcher" daemon [_thread_blocked, id=15760, stack(0x000000abdc100000,0x000000abdc200000)]
  0x000001eb9d80e800 JavaThread "Attach Listener" daemon [_thread_blocked, id=8396, stack(0x000000abdc200000,0x000000abdc300000)]
  0x000001eb9d810000 JavaThread "Service Thread" daemon [_thread_blocked, id=14120, stack(0x000000abdc300000,0x000000abdc400000)]
=>0x000001eb9d815000 JavaThread "C2 CompilerThread0" daemon [_thread_in_native, id=11344, stack(0x000000abdc400000,0x000000abdc500000)]
  0x000001eb9d819000 JavaThread "C1 CompilerThread0" daemon [_thread_in_vm, id=1208, stack(0x000000abdc500000,0x000000abdc600000)]
  0x000001eb9d833000 JavaThread "Sweeper thread" daemon [_thread_blocked, id=11952, stack(0x000000abdc600000,0x000000abdc700000)]
  0x000001eb9e2d6000 JavaThread "Common-Cleaner" daemon [_thread_blocked, id=11232, stack(0x000000abdc700000,0x000000abdc800000)]
  0x000001eb9fbc7800 JavaThread "Daemon health stats" [_thread_blocked, id=16072, stack(0x000000abdcb00000,0x000000abdcc00000)]
  0x000001eb9e3c1800 JavaThread "Incoming local TCP Connector on port 54174" [_thread_in_native, id=14508, stack(0x000000abdc900000,0x000000abdca00000)]
  0x000001eba030b000 JavaThread "Daemon periodic checks" [_thread_blocked, id=14028, stack(0x000000abdcc00000,0x000000abdcd00000)]
  0x000001eba074c000 JavaThread "Daemon" [_thread_blocked, id=14668, stack(0x000000abdcd00000,0x000000abdce00000)]
  0x000001eba0bc9800 JavaThread "Handler for socket connection from /127.0.0.1:54174 to /127.0.0.1:54175" [_thread_in_native, id=14512, stack(0x000000abdce00000,0x000000abdcf00000)]
  0x000001eb9f594000 JavaThread "Cancel handler" [_thread_blocked, id=3024, stack(0x000000abdcf00000,0x000000abdd000000)]
  0x000001eba1238800 JavaThread "Daemon worker" [_thread_in_vm, id=8088, stack(0x000000abdd000000,0x000000abdd100000)]
  0x000001eb9f98c800 JavaThread "Asynchronous log dispatcher for DefaultDaemonConnection: socket connection from /127.0.0.1:54174 to /127.0.0.1:54175" [_thread_blocked, id=14504, stack(0x000000abdd100000,0x000000abdd200000)]
  0x000001eba0bc2800 JavaThread "Stdin handler" [_thread_blocked, id=16304, stack(0x000000abdd200000,0x000000abdd300000)]
  0x000001eba0563000 JavaThread "Daemon client event forwarder" [_thread_blocked, id=16300, stack(0x000000abdd300000,0x000000abdd400000)]
  0x000001eba10e9800 JavaThread "Cache worker for journal cache (D:\kotlin\caches\journal-1)" [_thread_blocked, id=1652, stack(0x000000abdd700000,0x000000abdd800000)]
  0x000001eba10e7000 JavaThread "File lock request listener" [_thread_in_native, id=7784, stack(0x000000abdd800000,0x000000abdd900000)]
  0x000001eba10ea000 JavaThread "Cache worker for file hash cache (D:\kotlin\caches\7.5\fileHashes)" [_thread_blocked, id=7652, stack(0x000000abdd900000,0x000000abdda00000)]
  0x000001eba10eb000 JavaThread "File watcher server" daemon [_thread_in_native, id=15832, stack(0x000000abdda00000,0x000000abddb00000)]
  0x000001eba10e5800 JavaThread "File watcher consumer" daemon [_thread_blocked, id=14524, stack(0x000000abddb00000,0x000000abddc00000)]
  0x000001eba10e8800 JavaThread "Cache worker for checksums cache (D:\mospolytechGid\.gradle\7.5\checksums)" [_thread_blocked, id=15132, stack(0x000000abddc00000,0x000000abddd00000)]
  0x000001eba10ec000 JavaThread "Cache worker for cache directory md-rule (D:\kotlin\caches\7.5\md-rule)" [_thread_blocked, id=15596, stack(0x000000abddd00000,0x000000abdde00000)]
  0x000001eba10e6000 JavaThread "Cache worker for file content cache (D:\kotlin\caches\7.5\fileContent)" [_thread_blocked, id=13200, stack(0x000000abdde00000,0x000000abddf00000)]
  0x000001eba10e7800 JavaThread "Cache worker for file hash cache (D:\mospolytechGid\.gradle\7.5\fileHashes)" [_thread_blocked, id=6292, stack(0x000000abddf00000,0x000000abde000000)]
  0x000001eba12bd000 JavaThread "Cache worker for cache directory md-supplier (D:\kotlin\caches\7.5\md-supplier)" [_thread_blocked, id=6060, stack(0x000000abde000000,0x000000abde100000)]
  0x000001eba12ba800 JavaThread "Cache worker for execution history cache (D:\kotlin\caches\7.5\executionHistory)" [_thread_blocked, id=6264, stack(0x000000abde100000,0x000000abde200000)]
  0x000001eba12bb800 JavaThread "jar transforms" [_thread_blocked, id=15428, stack(0x000000abde200000,0x000000abde300000)]
  0x000001eba12b8800 JavaThread "jar transforms Thread 2" [_thread_blocked, id=14688, stack(0x000000abde300000,0x000000abde400000)]
  0x000001eba12bf000 JavaThread "jar transforms Thread 3" [_thread_blocked, id=14696, stack(0x000000abde400000,0x000000abde500000)]
  0x000001eba12bf800 JavaThread "jar transforms Thread 4" [_thread_blocked, id=15396, stack(0x000000abde500000,0x000000abde600000)]
  0x000001eba12ba000 JavaThread "Cache worker for dependencies-accessors (D:\mospolytechGid\.gradle\7.5\dependencies-accessors)" [_thread_blocked, id=10760, stack(0x000000abde600000,0x000000abde700000)]
  0x000001eba12c3800 JavaThread "Cache worker for Build Output Cleanup Cache (D:\mospolytechGid\.gradle\buildOutputCleanup)" [_thread_blocked, id=10908, stack(0x000000abdd400000,0x000000abdd500000)]
  0x000001eba12c2000 JavaThread "Unconstrained build operations" [_thread_blocked, id=13508, stack(0x000000abde900000,0x000000abdea00000)]
  0x000001eba12c6000 JavaThread "Unconstrained build operations Thread 2" [_thread_blocked, id=3384, stack(0x000000abdea00000,0x000000abdeb00000)]
  0x000001eba12c3000 JavaThread "Unconstrained build operations Thread 3" [_thread_blocked, id=15952, stack(0x000000abdeb00000,0x000000abdec00000)]
  0x000001eba12c1800 JavaThread "Unconstrained build operations Thread 4" [_thread_blocked, id=14108, stack(0x000000abdec00000,0x000000abded00000)]
  0x000001eba12c0800 JavaThread "Unconstrained build operations Thread 5" [_thread_blocked, id=2732, stack(0x000000abded00000,0x000000abdee00000)]
  0x000001eba12c4800 JavaThread "Unconstrained build operations Thread 6" [_thread_blocked, id=9028, stack(0x000000abdee00000,0x000000abdef00000)]
  0x000001eba12c7000 JavaThread "Unconstrained build operations Thread 7" [_thread_blocked, id=16096, stack(0x000000abdef00000,0x000000abdf000000)]
  0x000001eba12c5800 JavaThread "Unconstrained build operations Thread 8" [_thread_blocked, id=13764, stack(0x000000abdf000000,0x000000abdf100000)]
  0x000001eba1ed1800 JavaThread "Unconstrained build operations Thread 9" [_thread_blocked, id=10072, stack(0x000000abdf100000,0x000000abdf200000)]
  0x000001eba1ed4800 JavaThread "Unconstrained build operations Thread 10" [_thread_blocked, id=14356, stack(0x000000abdf200000,0x000000abdf300000)]
  0x000001eba1ed2000 JavaThread "Unconstrained build operations Thread 11" [_thread_blocked, id=15172, stack(0x000000abdf300000,0x000000abdf400000)]
  0x000001eba1ed0800 JavaThread "Unconstrained build operations Thread 12" [_thread_blocked, id=13716, stack(0x000000abdf400000,0x000000abdf500000)]
  0x000001eba1ed3000 JavaThread "Unconstrained build operations Thread 13" [_thread_blocked, id=10468, stack(0x000000abdf500000,0x000000abdf600000)]
  0x000001eba1ed3800 JavaThread "Unconstrained build operations Thread 14" [_thread_blocked, id=6328, stack(0x000000abdf600000,0x000000abdf700000)]
  0x000001eba1ed5800 JavaThread "Unconstrained build operations Thread 15" [_thread_blocked, id=1352, stack(0x000000abdf700000,0x000000abdf800000)]
  0x000001eba1ecf800 JavaThread "Unconstrained build operations Thread 16" [_thread_blocked, id=7416, stack(0x000000abdf800000,0x000000abdf900000)]
  0x000001eba1ed8800 JavaThread "Unconstrained build operations Thread 17" [_thread_blocked, id=9396, stack(0x000000abdf900000,0x000000abdfa00000)]
  0x000001eba1ed7000 JavaThread "Unconstrained build operations Thread 18" [_thread_blocked, id=4352, stack(0x000000abdfa00000,0x000000abdfb00000)]
  0x000001eba1edb000 JavaThread "Unconstrained build operations Thread 19" [_thread_blocked, id=10804, stack(0x000000abdfb00000,0x000000abdfc00000)]
  0x000001eba1edc000 JavaThread "Unconstrained build operations Thread 20" [_thread_blocked, id=8732, stack(0x000000abdfc00000,0x000000abdfd00000)]
  0x000001eba1ed9800 JavaThread "Unconstrained build operations Thread 21" [_thread_blocked, id=10292, stack(0x000000abdfd00000,0x000000abdfe00000)]
  0x000001eba1ed8000 JavaThread "Unconstrained build operations Thread 22" [_thread_blocked, id=4136, stack(0x000000abdfe00000,0x000000abdff00000)]
  0x000001eba1eda800 JavaThread "Unconstrained build operations Thread 23" [_thread_blocked, id=12824, stack(0x000000abdff00000,0x000000abe0000000)]
  0x000001eba1ed6000 JavaThread "Unconstrained build operations Thread 24" [_thread_blocked, id=10204, stack(0x000000abe0000000,0x000000abe0100000)]
  0x000001eba1ede800 JavaThread "Unconstrained build operations Thread 25" [_thread_blocked, id=13720, stack(0x000000abe0100000,0x000000abe0200000)]
  0x000001eba1edc800 JavaThread "Unconstrained build operations Thread 26" [_thread_blocked, id=12920, stack(0x000000abe0200000,0x000000abe0300000)]
  0x000001eba1edd800 JavaThread "Unconstrained build operations Thread 27" [_thread_blocked, id=8824, stack(0x000000abe0300000,0x000000abe0400000)]
  0x000001eb9e2e1800 JavaThread "Unconstrained build operations Thread 28" [_thread_blocked, id=12668, stack(0x000000abe0400000,0x000000abe0500000)]
  0x000001eb9e2e0000 JavaThread "Unconstrained build operations Thread 29" [_thread_blocked, id=15240, stack(0x000000abe0500000,0x000000abe0600000)]
  0x000001eb9e2e1000 JavaThread "Unconstrained build operations Thread 30" [_thread_blocked, id=10188, stack(0x000000abe0600000,0x000000abe0700000)]
  0x000001eb9e2e2800 JavaThread "Unconstrained build operations Thread 31" [_thread_blocked, id=11708, stack(0x000000abe0700000,0x000000abe0800000)]
  0x000001eb9e2e3800 JavaThread "Unconstrained build operations Thread 32" [_thread_blocked, id=6232, stack(0x000000abe0800000,0x000000abe0900000)]
  0x000001eb9e2dd800 JavaThread "Unconstrained build operations Thread 33" [_thread_blocked, id=16064, stack(0x000000abe0900000,0x000000abe0a00000)]
  0x000001eb9e2e4000 JavaThread "Unconstrained build operations Thread 34" [_thread_blocked, id=10732, stack(0x000000abe0a00000,0x000000abe0b00000)]
  0x000001eb9e2de800 JavaThread "Unconstrained build operations Thread 35" [_thread_blocked, id=11072, stack(0x000000abe0b00000,0x000000abe0c00000)]
  0x000001eb9e2e5000 JavaThread "Unconstrained build operations Thread 36" [_thread_blocked, id=15604, stack(0x000000abe0c00000,0x000000abe0d00000)]
  0x000001eb9e2df000 JavaThread "Unconstrained build operations Thread 37" [_thread_blocked, id=7268, stack(0x000000abe0d00000,0x000000abe0e00000)]
  0x000001eb9e2ea000 JavaThread "Unconstrained build operations Thread 38" [_thread_blocked, id=240, stack(0x000000abe0e00000,0x000000abe0f00000)]
  0x000001eb9e2ea800 JavaThread "Unconstrained build operations Thread 39" [_thread_blocked, id=1000, stack(0x000000abe0f00000,0x000000abe1000000)]
  0x000001eb9e2e9000 JavaThread "Unconstrained build operations Thread 40" [_thread_blocked, id=6172, stack(0x000000abe1000000,0x000000abe1100000)]
  0x000001eb9e2e6000 JavaThread "build event listener" [_thread_blocked, id=8380, stack(0x000000abe1100000,0x000000abe1200000)]
  0x000001eb9e2eb800 JavaThread "Memory manager" [_thread_blocked, id=15084, stack(0x000000abe1200000,0x000000abe1300000)]

Other Threads:
  0x000001eb9d7e7000 VMThread "VM Thread" [stack: 0x000000abdbe00000,0x000000abdbf00000] [id=11060]
  0x000001eb9e31d800 WatcherThread [stack: 0x000000abdc800000,0x000000abdc900000] [id=15580]
  0x000001eb83bfb000 GCTaskThread "GC Thread#0" [stack: 0x000000abdb900000,0x000000abdba00000] [id=14896]
  0x000001eb9e772800 GCTaskThread "GC Thread#1" [stack: 0x000000abdca00000,0x000000abdcb00000] [id=14272]
  0x000001eb9fd27800 GCTaskThread "GC Thread#2" [stack: 0x000000abdd500000,0x000000abdd600000] [id=15184]
  0x000001eba089e800 GCTaskThread "GC Thread#3" [stack: 0x000000abdd600000,0x000000abdd700000] [id=12112]
  0x000001eb83c2d000 ConcurrentGCThread "G1 Main Marker" [stack: 0x000000abdba00000,0x000000abdbb00000] [id=14712]
  0x000001eb83c2f800 ConcurrentGCThread "G1 Conc#0" [stack: 0x000000abdbb00000,0x000000abdbc00000] [id=12988]
  0x000001eb83ca0800 ConcurrentGCThread "G1 Refine#0" [stack: 0x000000abdbc00000,0x000000abdbd00000] [id=492]
  0x000001eb83ca1800 ConcurrentGCThread "G1 Young RemSet Sampling" [stack: 0x000000abdbd00000,0x000000abdbe00000] [id=14548]

Threads with active compile tasks:
C2 CompilerThread0    32673 9002       4       java.lang.Class::annotationData (44 bytes)

VM state:not at safepoint (normal execution)

VM Mutex/Monitor currently owned by a thread: None

Heap address: 0x0000000080000000, size: 2048 MB, Compressed Oops mode: 32-bit
Narrow klass base: 0x0000000000000000, Narrow klass shift: 3
Compressed class space size: 1073741824 Address: 0x0000000100000000

Heap:
 garbage-first heap   total 172032K, used 132997K [0x0000000080000000, 0x0000000100000000)
  region size 1024K, 65 young (66560K), 8 survivors (8192K)
 Metaspace       used 90197K, capacity 92286K, committed 92316K, reserved 1128448K
  class space    used 11726K, capacity 12544K, committed 12568K, reserved 1048576K
Heap Regions: E=young(eden), S=young(survivor), O=old, HS=humongous(starts), HC=humongous(continues), CS=collection set, F=free, A=archive, TAMS=top-at-mark-start (previous, next)
|   0|0x0000000080000000, 0x0000000080100000, 0x0000000080100000|100%|HS|  |TAMS 0x0000000080100000, 0x0000000080000000| Complete 
|   1|0x0000000080100000, 0x0000000080200000, 0x0000000080200000|100%|HC|  |TAMS 0x0000000080200000, 0x0000000080100000| Complete 
|   2|0x0000000080200000, 0x0000000080300000, 0x0000000080300000|100%|HC|  |TAMS 0x0000000080300000, 0x0000000080200000| Complete 
|   3|0x0000000080300000, 0x0000000080400000, 0x0000000080400000|100%| O|  |TAMS 0x0000000080400000, 0x0000000080300000| Untracked 
|   4|0x0000000080400000, 0x0000000080500000, 0x0000000080500000|100%| O|  |TAMS 0x0000000080500000, 0x0000000080400000| Untracked 
|   5|0x0000000080500000, 0x0000000080600000, 0x0000000080600000|100%| O|  |TAMS 0x0000000080600000, 0x0000000080500000| Untracked 
|   6|0x0000000080600000, 0x0000000080700000, 0x0000000080700000|100%| O|  |TAMS 0x0000000080700000, 0x0000000080600000| Untracked 
|   7|0x0000000080700000, 0x0000000080800000, 0x0000000080800000|100%| O|  |TAMS 0x0000000080800000, 0x0000000080700000| Untracked 
|   8|0x0000000080800000, 0x0000000080900000, 0x0000000080900000|100%| O|  |TAMS 0x0000000080900000, 0x0000000080800000| Untracked 
|   9|0x0000000080900000, 0x0000000080a00000, 0x0000000080a00000|100%| O|  |TAMS 0x0000000080a00000, 0x0000000080900000| Untracked 
|  10|0x0000000080a00000, 0x0000000080b00000, 0x0000000080b00000|100%| O|  |TAMS 0x0000000080b00000, 0x0000000080a00000| Untracked 
|  11|0x0000000080b00000, 0x0000000080c00000, 0x0000000080c00000|100%| O|  |TAMS 0x0000000080c00000, 0x0000000080b00000| Untracked 
|  12|0x0000000080c00000, 0x0000000080d00000, 0x0000000080d00000|100%| O|  |TAMS 0x0000000080d00000, 0x0000000080c00000| Untracked 
|  13|0x0000000080d00000, 0x0000000080e00000, 0x0000000080e00000|100%| O|  |TAMS 0x0000000080e00000, 0x0000000080d00000| Untracked 
|  14|0x0000000080e00000, 0x0000000080f00000, 0x0000000080f00000|100%| O|  |TAMS 0x0000000080f00000, 0x0000000080e00000| Untracked 
|  15|0x0000000080f00000, 0x0000000081000000, 0x0000000081000000|100%| O|  |TAMS 0x0000000081000000, 0x0000000080f00000| Untracked 
|  16|0x0000000081000000, 0x0000000081100000, 0x0000000081100000|100%| O|  |TAMS 0x0000000081100000, 0x0000000081000000| Untracked 
|  17|0x0000000081100000, 0x0000000081200000, 0x0000000081200000|100%|HS|  |TAMS 0x0000000081200000, 0x0000000081100000| Complete 
|  18|0x0000000081200000, 0x0000000081300000, 0x0000000081300000|100%| O|  |TAMS 0x0000000081300000, 0x0000000081200000| Untracked 
|  19|0x0000000081300000, 0x0000000081400000, 0x0000000081400000|100%| O|  |TAMS 0x0000000081400000, 0x0000000081300000| Untracked 
|  20|0x0000000081400000, 0x0000000081500000, 0x0000000081500000|100%| O|  |TAMS 0x0000000081500000, 0x0000000081400000| Untracked 
|  21|0x0000000081500000, 0x0000000081600000, 0x0000000081600000|100%| O|  |TAMS 0x0000000081600000, 0x0000000081500000| Untracked 
|  22|0x0000000081600000, 0x0000000081700000, 0x0000000081700000|100%| O|  |TAMS 0x0000000081700000, 0x0000000081600000| Untracked 
|  23|0x0000000081700000, 0x0000000081800000, 0x0000000081800000|100%| O|  |TAMS 0x0000000081800000, 0x0000000081700000| Untracked 
|  24|0x0000000081800000, 0x0000000081900000, 0x0000000081900000|100%| O|  |TAMS 0x0000000081900000, 0x0000000081800000| Untracked 
|  25|0x0000000081900000, 0x0000000081a00000, 0x0000000081a00000|100%| O|  |TAMS 0x0000000081a00000, 0x0000000081900000| Untracked 
|  26|0x0000000081a00000, 0x0000000081b00000, 0x0000000081b00000|100%| O|  |TAMS 0x0000000081b00000, 0x0000000081a00000| Untracked 
|  27|0x0000000081b00000, 0x0000000081c00000, 0x0000000081c00000|100%| O|  |TAMS 0x0000000081c00000, 0x0000000081b00000| Untracked 
|  28|0x0000000081c00000, 0x0000000081d00000, 0x0000000081d00000|100%|HS|  |TAMS 0x0000000081d00000, 0x0000000081c00000| Complete 
|  29|0x0000000081d00000, 0x0000000081e00000, 0x0000000081e00000|100%|HC|  |TAMS 0x0000000081e00000, 0x0000000081d00000| Complete 
|  30|0x0000000081e00000, 0x0000000081f00000, 0x0000000081f00000|100%| O|  |TAMS 0x0000000081f00000, 0x0000000081e00000| Untracked 
|  31|0x0000000081f00000, 0x0000000082000000, 0x0000000082000000|100%| O|  |TAMS 0x0000000082000000, 0x0000000081f00000| Untracked 
|  32|0x0000000082000000, 0x0000000082100000, 0x0000000082100000|100%| O|  |TAMS 0x0000000082100000, 0x0000000082000000| Untracked 
|  33|0x0000000082100000, 0x0000000082200000, 0x0000000082200000|100%|HS|  |TAMS 0x0000000082200000, 0x0000000082100000| Complete 
|  34|0x0000000082200000, 0x0000000082300000, 0x0000000082300000|100%|HS|  |TAMS 0x0000000082300000, 0x0000000082200000| Complete 
|  35|0x0000000082300000, 0x0000000082400000, 0x0000000082400000|100%|HC|  |TAMS 0x0000000082400000, 0x0000000082300000| Complete 
|  36|0x0000000082400000, 0x0000000082500000, 0x0000000082500000|100%|HC|  |TAMS 0x0000000082500000, 0x0000000082400000| Complete 
|  37|0x0000000082500000, 0x0000000082600000, 0x0000000082600000|100%|HC|  |TAMS 0x0000000082600000, 0x0000000082500000| Complete 
|  38|0x0000000082600000, 0x0000000082700000, 0x0000000082700000|100%| O|  |TAMS 0x0000000082600000, 0x0000000082600000| Untracked 
|  39|0x0000000082700000, 0x0000000082800000, 0x0000000082800000|100%| O|  |TAMS 0x0000000082800000, 0x0000000082700000| Untracked 
|  40|0x0000000082800000, 0x0000000082900000, 0x0000000082900000|100%| O|  |TAMS 0x0000000082900000, 0x0000000082800000| Untracked 
|  41|0x0000000082900000, 0x0000000082a00000, 0x0000000082a00000|100%| O|  |TAMS 0x0000000082a00000, 0x0000000082900000| Untracked 
|  42|0x0000000082a00000, 0x0000000082b00000, 0x0000000082b00000|100%| O|  |TAMS 0x0000000082b00000, 0x0000000082a00000| Untracked 
|  43|0x0000000082b00000, 0x0000000082c00000, 0x0000000082c00000|100%| O|  |TAMS 0x0000000082b00000, 0x0000000082b00000| Untracked 
|  44|0x0000000082c00000, 0x0000000082d00000, 0x0000000082d00000|100%| O|  |TAMS 0x0000000082c00000, 0x0000000082c00000| Untracked 
|  45|0x0000000082d00000, 0x0000000082e00000, 0x0000000082e00000|100%| O|  |TAMS 0x0000000082d00000, 0x0000000082d00000| Untracked 
|  46|0x0000000082e00000, 0x0000000082f00000, 0x0000000082f00000|100%| O|  |TAMS 0x0000000082e00000, 0x0000000082e00000| Untracked 
|  47|0x0000000082f00000, 0x0000000083000000, 0x0000000083000000|100%| O|  |TAMS 0x0000000082f00000, 0x0000000082f00000| Untracked 
|  48|0x0000000083000000, 0x0000000083100000, 0x0000000083100000|100%| O|  |TAMS 0x0000000083000000, 0x0000000083000000| Untracked 
|  49|0x0000000083100000, 0x0000000083200000, 0x0000000083200000|100%| O|  |TAMS 0x0000000083200000, 0x0000000083100000| Untracked 
|  50|0x0000000083200000, 0x0000000083300000, 0x0000000083300000|100%| O|  |TAMS 0x0000000083300000, 0x0000000083200000| Untracked 
|  51|0x0000000083300000, 0x0000000083400000, 0x0000000083400000|100%| O|  |TAMS 0x0000000083400000, 0x0000000083300000| Untracked 
|  52|0x0000000083400000, 0x0000000083500000, 0x0000000083500000|100%| O|  |TAMS 0x0000000083500000, 0x0000000083400000| Untracked 
|  53|0x0000000083500000, 0x0000000083600000, 0x0000000083600000|100%| O|  |TAMS 0x0000000083600000, 0x0000000083500000| Untracked 
|  54|0x0000000083600000, 0x0000000083700000, 0x0000000083700000|100%| O|  |TAMS 0x0000000083700000, 0x0000000083600000| Untracked 
|  55|0x0000000083700000, 0x0000000083800000, 0x0000000083800000|100%| O|  |TAMS 0x0000000083800000, 0x0000000083700000| Untracked 
|  56|0x0000000083800000, 0x0000000083900000, 0x0000000083900000|100%| O|  |TAMS 0x0000000083800000, 0x0000000083800000| Untracked 
|  57|0x0000000083900000, 0x0000000083a00000, 0x0000000083a00000|100%| O|  |TAMS 0x0000000083900000, 0x0000000083900000| Untracked 
|  58|0x0000000083a00000, 0x0000000083b00000, 0x0000000083b00000|100%| O|  |TAMS 0x0000000083a00000, 0x0000000083a00000| Untracked 
|  59|0x0000000083b00000, 0x0000000083c00000, 0x0000000083c00000|100%| O|  |TAMS 0x0000000083b00000, 0x0000000083b00000| Untracked 
|  60|0x0000000083c00000, 0x0000000083d00000, 0x0000000083d00000|100%| O|  |TAMS 0x0000000083c00000, 0x0000000083c00000| Untracked 
|  61|0x0000000083d00000, 0x0000000083e00000, 0x0000000083e00000|100%| O|  |TAMS 0x0000000083d00000, 0x0000000083d00000| Untracked 
|  62|0x0000000083e00000, 0x0000000083f00000, 0x0000000083f00000|100%| O|  |TAMS 0x0000000083e00000, 0x0000000083e00000| Untracked 
|  63|0x0000000083f00000, 0x0000000084000000, 0x0000000084000000|100%| O|  |TAMS 0x0000000083f00000, 0x0000000083f00000| Untracked 
|  64|0x0000000084000000, 0x0000000084100000, 0x0000000084100000|100%| O|  |TAMS 0x0000000084000000, 0x0000000084000000| Untracked 
|  65|0x0000000084100000, 0x0000000084200000, 0x0000000084200000|100%| O|  |TAMS 0x0000000084100000, 0x0000000084100000| Untracked 
|  66|0x0000000084200000, 0x0000000084300000, 0x0000000084300000|100%| O|  |TAMS 0x0000000084300000, 0x0000000084200000| Untracked 
|  67|0x0000000084300000, 0x0000000084400000, 0x0000000084400000|100%| O|  |TAMS 0x0000000084400000, 0x0000000084300000| Untracked 
|  68|0x0000000084400000, 0x0000000084500000, 0x0000000084500000|100%| O|  |TAMS 0x0000000084500000, 0x0000000084400000| Untracked 
|  69|0x0000000084500000, 0x0000000084600000, 0x0000000084600000|100%| O|  |TAMS 0x0000000084551800, 0x0000000084500000| Untracked 
|  70|0x0000000084600000, 0x0000000084600000, 0x0000000084700000|  0%| F|  |TAMS 0x0000000084600000, 0x0000000084600000| Untracked 
|  71|0x0000000084700000, 0x0000000084700000, 0x0000000084800000|  0%| F|  |TAMS 0x0000000084700000, 0x0000000084700000| Untracked 
|  72|0x0000000084800000, 0x0000000084800000, 0x0000000084900000|  0%| F|  |TAMS 0x0000000084800000, 0x0000000084800000| Untracked 
|  73|0x0000000084900000, 0x0000000084900000, 0x0000000084a00000|  0%| F|  |TAMS 0x0000000084900000, 0x0000000084900000| Untracked 
|  74|0x0000000084a00000, 0x0000000084a00000, 0x0000000084b00000|  0%| F|  |TAMS 0x0000000084a00000, 0x0000000084a00000| Untracked 
|  75|0x0000000084b00000, 0x0000000084b00000, 0x0000000084c00000|  0%| F|  |TAMS 0x0000000084b00000, 0x0000000084b00000| Untracked 
|  76|0x0000000084c00000, 0x0000000084c00000, 0x0000000084d00000|  0%| F|  |TAMS 0x0000000084c00000, 0x0000000084c00000| Untracked 
|  77|0x0000000084d00000, 0x0000000084d00000, 0x0000000084e00000|  0%| F|  |TAMS 0x0000000084d00000, 0x0000000084d00000| Untracked 
|  78|0x0000000084e00000, 0x0000000084e00000, 0x0000000084f00000|  0%| F|  |TAMS 0x0000000084e00000, 0x0000000084e00000| Untracked 
|  79|0x0000000084f00000, 0x0000000084f00000, 0x0000000085000000|  0%| F|  |TAMS 0x0000000084f00000, 0x0000000084f00000| Untracked 
|  80|0x0000000085000000, 0x0000000085000000, 0x0000000085100000|  0%| F|  |TAMS 0x0000000085000000, 0x0000000085000000| Untracked 
|  81|0x0000000085100000, 0x0000000085100000, 0x0000000085200000|  0%| F|  |TAMS 0x0000000085100000, 0x0000000085100000| Untracked 
|  82|0x0000000085200000, 0x0000000085200000, 0x0000000085300000|  0%| F|  |TAMS 0x0000000085200000, 0x0000000085200000| Untracked 
|  83|0x0000000085300000, 0x0000000085300000, 0x0000000085400000|  0%| F|  |TAMS 0x0000000085300000, 0x0000000085300000| Untracked 
|  84|0x0000000085400000, 0x0000000085400000, 0x0000000085500000|  0%| F|  |TAMS 0x0000000085400000, 0x0000000085400000| Untracked 
|  85|0x0000000085500000, 0x0000000085500000, 0x0000000085600000|  0%| F|  |TAMS 0x0000000085500000, 0x0000000085500000| Untracked 
|  86|0x0000000085600000, 0x0000000085600000, 0x0000000085700000|  0%| F|  |TAMS 0x0000000085600000, 0x0000000085600000| Untracked 
|  87|0x0000000085700000, 0x0000000085700000, 0x0000000085800000|  0%| F|  |TAMS 0x0000000085700000, 0x0000000085700000| Untracked 
|  88|0x0000000085800000, 0x0000000085800000, 0x0000000085900000|  0%| F|  |TAMS 0x0000000085800000, 0x0000000085800000| Untracked 
|  89|0x0000000085900000, 0x0000000085900000, 0x0000000085a00000|  0%| F|  |TAMS 0x0000000085900000, 0x0000000085900000| Untracked 
|  90|0x0000000085a00000, 0x0000000085a00000, 0x0000000085b00000|  0%| F|  |TAMS 0x0000000085a00000, 0x0000000085a00000| Untracked 
|  91|0x0000000085b00000, 0x0000000085b00000, 0x0000000085c00000|  0%| F|  |TAMS 0x0000000085b00000, 0x0000000085b00000| Untracked 
|  92|0x0000000085c00000, 0x0000000085c00000, 0x0000000085d00000|  0%| F|  |TAMS 0x0000000085c00000, 0x0000000085c00000| Untracked 
|  93|0x0000000085d00000, 0x0000000085e00000, 0x0000000085e00000|100%| S|  |TAMS 0x0000000085d00000, 0x0000000085d00000| Complete 
|  94|0x0000000085e00000, 0x0000000085f00000, 0x0000000085f00000|100%| S|  |TAMS 0x0000000085e00000, 0x0000000085e00000| Complete 
|  95|0x0000000085f00000, 0x0000000086000000, 0x0000000086000000|100%| S|  |TAMS 0x0000000085f00000, 0x0000000085f00000| Complete 
|  96|0x0000000086000000, 0x0000000086100000, 0x0000000086100000|100%| S|  |TAMS 0x0000000086000000, 0x0000000086000000| Complete 
|  97|0x0000000086100000, 0x0000000086200000, 0x0000000086200000|100%| S|  |TAMS 0x0000000086100000, 0x0000000086100000| Complete 
|  98|0x0000000086200000, 0x0000000086300000, 0x0000000086300000|100%| S|  |TAMS 0x0000000086200000, 0x0000000086200000| Complete 
|  99|0x0000000086300000, 0x0000000086400000, 0x0000000086400000|100%| S|  |TAMS 0x0000000086300000, 0x0000000086300000| Complete 
| 100|0x0000000086400000, 0x0000000086500000, 0x0000000086500000|100%| S|  |TAMS 0x0000000086400000, 0x0000000086400000| Complete 
| 101|0x0000000086500000, 0x000000008654c3f8, 0x0000000086600000| 29%| E|CS|TAMS 0x0000000086500000, 0x0000000086500000| Complete 
| 102|0x0000000086600000, 0x0000000086700000, 0x0000000086700000|100%| E|CS|TAMS 0x0000000086600000, 0x0000000086600000| Complete 
| 103|0x0000000086700000, 0x0000000086800000, 0x0000000086800000|100%| E|CS|TAMS 0x0000000086700000, 0x0000000086700000| Complete 
| 104|0x0000000086800000, 0x0000000086900000, 0x0000000086900000|100%| E|CS|TAMS 0x0000000086800000, 0x0000000086800000| Complete 
| 105|0x0000000086900000, 0x0000000086a00000, 0x0000000086a00000|100%| E|CS|TAMS 0x0000000086900000, 0x0000000086900000| Complete 
| 106|0x0000000086a00000, 0x0000000086b00000, 0x0000000086b00000|100%| E|CS|TAMS 0x0000000086a00000, 0x0000000086a00000| Complete 
| 107|0x0000000086b00000, 0x0000000086c00000, 0x0000000086c00000|100%| E|CS|TAMS 0x0000000086b00000, 0x0000000086b00000| Complete 
| 108|0x0000000086c00000, 0x0000000086d00000, 0x0000000086d00000|100%| E|CS|TAMS 0x0000000086c00000, 0x0000000086c00000| Complete 
| 109|0x0000000086d00000, 0x0000000086e00000, 0x0000000086e00000|100%| S|  |TAMS 0x0000000086d00000, 0x0000000086d00000| Complete 
| 110|0x0000000086e00000, 0x0000000086f00000, 0x0000000086f00000|100%| E|CS|TAMS 0x0000000086e00000, 0x0000000086e00000| Complete 
| 111|0x0000000086f00000, 0x0000000087000000, 0x0000000087000000|100%| E|CS|TAMS 0x0000000086f00000, 0x0000000086f00000| Complete 
| 112|0x0000000087000000, 0x0000000087100000, 0x0000000087100000|100%| E|CS|TAMS 0x0000000087000000, 0x0000000087000000| Complete 
| 113|0x0000000087100000, 0x0000000087200000, 0x0000000087200000|100%| E|CS|TAMS 0x0000000087100000, 0x0000000087100000| Complete 
| 114|0x0000000087200000, 0x0000000087300000, 0x0000000087300000|100%| E|CS|TAMS 0x0000000087200000, 0x0000000087200000| Complete 
| 115|0x0000000087300000, 0x0000000087400000, 0x0000000087400000|100%| E|CS|TAMS 0x0000000087300000, 0x0000000087300000| Complete 
| 116|0x0000000087400000, 0x0000000087500000, 0x0000000087500000|100%| E|CS|TAMS 0x0000000087400000, 0x0000000087400000| Complete 
| 117|0x0000000087500000, 0x0000000087600000, 0x0000000087600000|100%| E|CS|TAMS 0x0000000087500000, 0x0000000087500000| Complete 
| 118|0x0000000087600000, 0x0000000087700000, 0x0000000087700000|100%| E|CS|TAMS 0x0000000087600000, 0x0000000087600000| Complete 
| 119|0x0000000087700000, 0x0000000087800000, 0x0000000087800000|100%| E|CS|TAMS 0x0000000087700000, 0x0000000087700000| Complete 
| 120|0x0000000087800000, 0x0000000087900000, 0x0000000087900000|100%| E|CS|TAMS 0x0000000087800000, 0x0000000087800000| Complete 
| 121|0x0000000087900000, 0x0000000087a00000, 0x0000000087a00000|100%| E|CS|TAMS 0x0000000087900000, 0x0000000087900000| Complete 
| 122|0x0000000087a00000, 0x0000000087b00000, 0x0000000087b00000|100%| E|CS|TAMS 0x0000000087a00000, 0x0000000087a00000| Complete 
| 123|0x0000000087b00000, 0x0000000087c00000, 0x0000000087c00000|100%| E|CS|TAMS 0x0000000087b00000, 0x0000000087b00000| Complete 
| 124|0x0000000087c00000, 0x0000000087d00000, 0x0000000087d00000|100%| E|CS|TAMS 0x0000000087c00000, 0x0000000087c00000| Complete 
| 125|0x0000000087d00000, 0x0000000087e00000, 0x0000000087e00000|100%| E|CS|TAMS 0x0000000087d00000, 0x0000000087d00000| Complete 
| 126|0x0000000087e00000, 0x0000000087f00000, 0x0000000087f00000|100%| E|CS|TAMS 0x0000000087e00000, 0x0000000087e00000| Complete 
| 127|0x0000000087f00000, 0x0000000088000000, 0x0000000088000000|100%| E|CS|TAMS 0x0000000087f00000, 0x0000000087f00000| Complete 
| 128|0x0000000088000000, 0x0000000088100000, 0x0000000088100000|100%| E|CS|TAMS 0x0000000088000000, 0x0000000088000000| Complete 
| 129|0x0000000088100000, 0x0000000088200000, 0x0000000088200000|100%| E|CS|TAMS 0x0000000088100000, 0x0000000088100000| Complete 
| 130|0x0000000088200000, 0x0000000088300000, 0x0000000088300000|100%| E|CS|TAMS 0x0000000088200000, 0x0000000088200000| Complete 
| 131|0x0000000088300000, 0x0000000088400000, 0x0000000088400000|100%| E|CS|TAMS 0x0000000088300000, 0x0000000088300000| Complete 
| 132|0x0000000088400000, 0x0000000088500000, 0x0000000088500000|100%| E|CS|TAMS 0x0000000088400000, 0x0000000088400000| Complete 
| 133|0x0000000088500000, 0x0000000088600000, 0x0000000088600000|100%| E|CS|TAMS 0x0000000088500000, 0x0000000088500000| Complete 
| 134|0x0000000088600000, 0x0000000088700000, 0x0000000088700000|100%| E|CS|TAMS 0x0000000088600000, 0x0000000088600000| Complete 
| 135|0x0000000088700000, 0x0000000088800000, 0x0000000088800000|100%| E|CS|TAMS 0x0000000088700000, 0x0000000088700000| Complete 
| 136|0x0000000088800000, 0x0000000088900000, 0x0000000088900000|100%| E|CS|TAMS 0x0000000088800000, 0x0000000088800000| Complete 
| 137|0x0000000088900000, 0x0000000088a00000, 0x0000000088a00000|100%| E|CS|TAMS 0x0000000088900000, 0x0000000088900000| Complete 
| 138|0x0000000088a00000, 0x0000000088b00000, 0x0000000088b00000|100%| E|CS|TAMS 0x0000000088a00000, 0x0000000088a00000| Complete 
| 139|0x0000000088b00000, 0x0000000088c00000, 0x0000000088c00000|100%| E|CS|TAMS 0x0000000088b00000, 0x0000000088b00000| Complete 
| 140|0x0000000088c00000, 0x0000000088d00000, 0x0000000088d00000|100%| E|CS|TAMS 0x0000000088c00000, 0x0000000088c00000| Complete 
| 141|0x0000000088d00000, 0x0000000088e00000, 0x0000000088e00000|100%| E|CS|TAMS 0x0000000088d00000, 0x0000000088d00000| Complete 
| 142|0x0000000088e00000, 0x0000000088f00000, 0x0000000088f00000|100%| E|CS|TAMS 0x0000000088e00000, 0x0000000088e00000| Complete 
| 143|0x0000000088f00000, 0x0000000089000000, 0x0000000089000000|100%| E|CS|TAMS 0x0000000088f00000, 0x0000000088f00000| Complete 
| 144|0x0000000089000000, 0x0000000089100000, 0x0000000089100000|100%| E|CS|TAMS 0x0000000089000000, 0x0000000089000000| Complete 
| 145|0x0000000089100000, 0x0000000089200000, 0x0000000089200000|100%| E|CS|TAMS 0x0000000089100000, 0x0000000089100000| Complete 
| 146|0x0000000089200000, 0x0000000089300000, 0x0000000089300000|100%| E|CS|TAMS 0x0000000089200000, 0x0000000089200000| Complete 
| 147|0x0000000089300000, 0x0000000089400000, 0x0000000089400000|100%| E|CS|TAMS 0x0000000089300000, 0x0000000089300000| Complete 
| 148|0x0000000089400000, 0x0000000089500000, 0x0000000089500000|100%| E|CS|TAMS 0x0000000089400000, 0x0000000089400000| Complete 
| 149|0x0000000089500000, 0x0000000089600000, 0x0000000089600000|100%| E|CS|TAMS 0x0000000089500000, 0x0000000089500000| Complete 
| 150|0x0000000089600000, 0x0000000089700000, 0x0000000089700000|100%| E|CS|TAMS 0x0000000089600000, 0x0000000089600000| Complete 
| 151|0x0000000089700000, 0x0000000089800000, 0x0000000089800000|100%| E|CS|TAMS 0x0000000089700000, 0x0000000089700000| Complete 
| 152|0x0000000089800000, 0x0000000089900000, 0x0000000089900000|100%| E|CS|TAMS 0x0000000089800000, 0x0000000089800000| Complete 
| 153|0x0000000089900000, 0x0000000089a00000, 0x0000000089a00000|100%| E|CS|TAMS 0x0000000089900000, 0x0000000089900000| Complete 
| 154|0x0000000089a00000, 0x0000000089b00000, 0x0000000089b00000|100%| E|CS|TAMS 0x0000000089a00000, 0x0000000089a00000| Complete 
| 155|0x0000000089b00000, 0x0000000089c00000, 0x0000000089c00000|100%| E|CS|TAMS 0x0000000089b00000, 0x0000000089b00000| Complete 
| 156|0x0000000089c00000, 0x0000000089d00000, 0x0000000089d00000|100%| E|CS|TAMS 0x0000000089c00000, 0x0000000089c00000| Complete 
| 157|0x0000000089d00000, 0x0000000089e00000, 0x0000000089e00000|100%| E|CS|TAMS 0x0000000089d00000, 0x0000000089d00000| Complete 
| 158|0x0000000089e00000, 0x0000000089f00000, 0x0000000089f00000|100%| E|CS|TAMS 0x0000000089e00000, 0x0000000089e00000| Complete 
| 159|0x0000000089f00000, 0x000000008a000000, 0x000000008a000000|100%| E|CS|TAMS 0x0000000089f00000, 0x0000000089f00000| Complete 
| 160|0x000000008a000000, 0x000000008a100000, 0x000000008a100000|100%| E|CS|TAMS 0x000000008a000000, 0x000000008a000000| Complete 
| 161|0x000000008a100000, 0x000000008a200000, 0x000000008a200000|100%| E|CS|TAMS 0x000000008a100000, 0x000000008a100000| Complete 
| 162|0x000000008a200000, 0x000000008a300000, 0x000000008a300000|100%| E|CS|TAMS 0x000000008a200000, 0x000000008a200000| Complete 
| 163|0x000000008a300000, 0x000000008a400000, 0x000000008a400000|100%| E|CS|TAMS 0x000000008a300000, 0x000000008a300000| Complete 
| 164|0x000000008a400000, 0x000000008a500000, 0x000000008a500000|100%| E|CS|TAMS 0x000000008a400000, 0x000000008a400000| Complete 
| 165|0x000000008a500000, 0x000000008a600000, 0x000000008a600000|100%| E|CS|TAMS 0x000000008a500000, 0x000000008a500000| Complete 
| 166|0x000000008a600000, 0x000000008a700000, 0x000000008a700000|100%| E|CS|TAMS 0x000000008a600000, 0x000000008a600000| Complete 
| 167|0x000000008a700000, 0x000000008a800000, 0x000000008a800000|100%| E|CS|TAMS 0x000000008a700000, 0x000000008a700000| Complete 

Card table byte_map: [0x000001eb96b10000,0x000001eb96f10000] _byte_map_base: 0x000001eb96710000

Marking Bits (Prev, Next): (CMBitMap*) 0x000001eb83c23338, (CMBitMap*) 0x000001eb83c23370
 Prev Bits: [0x000001eb97310000, 0x000001eb99310000)
 Next Bits: [0x000001eb99310000, 0x000001eb9b310000)

Polling page: 0x000001eb81b30000

Metaspace:

Usage:
  Non-class:     77.87 MB capacity,    76.63 MB ( 98%) used,     1.00 MB (  1%) free+waste,   242.56 KB ( <1%) overhead. 
      Class:     12.25 MB capacity,    11.45 MB ( 93%) used,   705.84 KB (  6%) free+waste,   111.62 KB ( <1%) overhead. 
       Both:     90.12 MB capacity,    88.08 MB ( 98%) used,     1.69 MB (  2%) free+waste,   354.19 KB ( <1%) overhead. 

Virtual space:
  Non-class space:       78.00 MB reserved,      77.88 MB (>99%) committed 
      Class space:        1.00 GB reserved,      12.27 MB (  1%) committed 
             Both:        1.08 GB reserved,      90.15 MB (  8%) committed 

Chunk freelists:
   Non-Class:  6.00 KB
       Class:  0 bytes
        Both:  6.00 KB

MaxMetaspaceSize: 17179869184.00 GB
CompressedClassSpaceSize: 1.00 GB
Initial GC threshold: 20.80 MB
Current GC threshold: 113.80 MB
CDS: off

CodeHeap 'non-profiled nmethods': size=120064Kb used=5767Kb max_used=5767Kb free=114296Kb
 bounds [0x000001eb8f1d0000, 0x000001eb8f780000, 0x000001eb96710000]
CodeHeap 'profiled nmethods': size=120000Kb used=19523Kb max_used=19523Kb free=100476Kb
 bounds [0x000001eb87ca0000, 0x000001eb88fc0000, 0x000001eb8f1d0000]
CodeHeap 'non-nmethods': size=5696Kb used=2395Kb max_used=2440Kb free=3300Kb
 bounds [0x000001eb87710000, 0x000001eb87980000, 0x000001eb87ca0000]
 total_blobs=10031 nmethods=9106 adapters=837
 compilation: enabled
              stopped_count=0, restarted_count=0
 full_count=0

Compilation events (20 events):
Event: 32.062 Thread 0x000001eb9d819000 9112       2       sun.reflect.generics.reflectiveObjects.ParameterizedTypeImpl::equals (81 bytes)
Event: 32.063 Thread 0x000001eb9d819000 nmethod 9112 0x000001eb88f80310 code [0x000001eb88f80500, 0x000001eb88f808c8]
Event: 32.064 Thread 0x000001eb9d819000 9113       2       com.sun.beans.WeakCache::get (42 bytes)
Event: 32.064 Thread 0x000001eb9d819000 nmethod 9113 0x000001eb88f80a90 code [0x000001eb88f80c60, 0x000001eb88f80e48]
Event: 32.066 Thread 0x000001eb9d819000 9114       2       java.lang.Module::isExported (15 bytes)
Event: 32.067 Thread 0x000001eb9d819000 nmethod 9114 0x000001eb88f80f90 code [0x000001eb88f81160, 0x000001eb88f81338]
Event: 32.080 Thread 0x000001eb9d819000 9115       2       org.codehaus.groovy.reflection.CachedClass$3::initValue (194 bytes)
Event: 32.082 Thread 0x000001eb9d819000 nmethod 9115 0x000001eb88f81410 code [0x000001eb88f816e0, 0x000001eb88f821d8]
Event: 32.114 Thread 0x000001eb9d819000 9116       2       java.util.Collection::removeIf (51 bytes)
Event: 32.114 Thread 0x000001eb9d819000 nmethod 9116 0x000001eb88f82a90 code [0x000001eb88f82ca0, 0x000001eb88f83018]
Event: 32.121 Thread 0x000001eb9d819000 9117       2       org.codehaus.groovy.reflection.CachedClass::getNewMetaMethods (166 bytes)
Event: 32.122 Thread 0x000001eb9d819000 nmethod 9117 0x000001eb88f83210 code [0x000001eb88f834a0, 0x000001eb88f83be8]
Event: 32.127 Thread 0x000001eb9d819000 9118       2       groovy.lang.MetaClassImpl$1MOPIter::methodNameAction (325 bytes)
Event: 32.143 Thread 0x000001eb9d819000 nmethod 9118 0x000001eb88f84110 code [0x000001eb88f84400, 0x000001eb88f84ef8]
Event: 32.170 Thread 0x000001eb9d819000 9119       2       com.sun.proxy.$Proxy34::<init> (6 bytes)
Event: 32.170 Thread 0x000001eb9d819000 nmethod 9119 0x000001eb88f85610 code [0x000001eb88f857e0, 0x000001eb88f85a08]
Event: 32.170 Thread 0x000001eb9d819000 9120   !   2       jdk.internal.reflect.GeneratedConstructorAccessor46::newInstance (53 bytes)
Event: 32.171 Thread 0x000001eb9d819000 nmethod 9120 0x000001eb88f85b10 code [0x000001eb88f85d40, 0x000001eb88f862a8]
Event: 32.173 Thread 0x000001eb9d819000 9121   !   2       com.sun.beans.introspect.MethodInfo::get (143 bytes)
Event: 32.174 Thread 0x000001eb9d819000 nmethod 9121 0x000001eb88f86690 code [0x000001eb88f86920, 0x000001eb88f872a8]

GC Heap History (20 events):
Event: 9.630 GC heap before
{Heap before GC invocations=12 (full 0):
 garbage-first heap   total 118784K, used 81817K [0x0000000080000000, 0x0000000100000000)
  region size 1024K, 61 young (62464K), 8 survivors (8192K)
 Metaspace       used 44990K, capacity 46027K, committed 46236K, reserved 1089536K
  class space    used 5687K, capacity 6084K, committed 6168K, reserved 1048576K
}
Event: 9.652 GC heap after
{Heap after GC invocations=13 (full 0):
 garbage-first heap   total 118784K, used 31240K [0x0000000080000000, 0x0000000100000000)
  region size 1024K, 4 young (4096K), 4 survivors (4096K)
 Metaspace       used 44990K, capacity 46027K, committed 46236K, reserved 1089536K
  class space    used 5687K, capacity 6084K, committed 6168K, reserved 1048576K
}
Event: 10.879 GC heap before
{Heap before GC invocations=13 (full 0):
 garbage-first heap   total 118784K, used 84488K [0x0000000080000000, 0x0000000100000000)
  region size 1024K, 56 young (57344K), 4 survivors (4096K)
 Metaspace       used 48788K, capacity 49925K, committed 50076K, reserved 1093632K
  class space    used 6210K, capacity 6659K, committed 6680K, reserved 1048576K
}
Event: 10.888 GC heap after
{Heap after GC invocations=14 (full 0):
 garbage-first heap   total 143360K, used 32951K [0x0000000080000000, 0x0000000100000000)
  region size 1024K, 6 young (6144K), 6 survivors (6144K)
 Metaspace       used 48788K, capacity 49925K, committed 50076K, reserved 1093632K
  class space    used 6210K, capacity 6659K, committed 6680K, reserved 1048576K
}
Event: 13.208 GC heap before
{Heap before GC invocations=14 (full 0):
 garbage-first heap   total 143360K, used 95415K [0x0000000080000000, 0x0000000100000000)
  region size 1024K, 65 young (66560K), 6 survivors (6144K)
 Metaspace       used 56493K, capacity 57828K, committed 58012K, reserved 1099776K
  class space    used 7127K, capacity 7625K, committed 7704K, reserved 1048576K
}
Event: 13.222 GC heap after
{Heap after GC invocations=15 (full 0):
 garbage-first heap   total 143360K, used 40434K [0x0000000080000000, 0x0000000100000000)
  region size 1024K, 7 young (7168K), 7 survivors (7168K)
 Metaspace       used 56493K, capacity 57828K, committed 58012K, reserved 1099776K
  class space    used 7127K, capacity 7625K, committed 7704K, reserved 1048576K
}
Event: 14.971 GC heap before
{Heap before GC invocations=15 (full 0):
 garbage-first heap   total 143360K, used 114162K [0x0000000080000000, 0x0000000100000000)
  region size 1024K, 74 young (75776K), 7 survivors (7168K)
 Metaspace       used 63699K, capacity 65207K, committed 65436K, reserved 1105920K
  class space    used 8031K, capacity 8634K, committed 8728K, reserved 1048576K
}
Event: 14.988 GC heap after
{Heap after GC invocations=16 (full 0):
 garbage-first heap   total 143360K, used 52928K [0x0000000080000000, 0x0000000100000000)
  region size 1024K, 10 young (10240K), 10 survivors (10240K)
 Metaspace       used 63699K, capacity 65207K, committed 65436K, reserved 1105920K
  class space    used 8031K, capacity 8634K, committed 8728K, reserved 1048576K
}
Event: 16.528 GC heap before
{Heap before GC invocations=16 (full 0):
 garbage-first heap   total 143360K, used 108224K [0x0000000080000000, 0x0000000100000000)
  region size 1024K, 58 young (59392K), 10 survivors (10240K)
 Metaspace       used 67971K, capacity 69539K, committed 69788K, reserved 1110016K
  class space    used 8577K, capacity 9193K, committed 9240K, reserved 1048576K
}
Event: 16.546 GC heap after
{Heap after GC invocations=17 (full 0):
 garbage-first heap   total 143360K, used 59038K [0x0000000080000000, 0x0000000100000000)
  region size 1024K, 6 young (6144K), 6 survivors (6144K)
 Metaspace       used 67971K, capacity 69539K, committed 69788K, reserved 1110016K
  class space    used 8577K, capacity 9193K, committed 9240K, reserved 1048576K
}
Event: 17.874 GC heap before
{Heap before GC invocations=18 (full 0):
 garbage-first heap   total 143360K, used 110238K [0x0000000080000000, 0x0000000100000000)
  region size 1024K, 56 young (57344K), 6 survivors (6144K)
 Metaspace       used 71802K, capacity 73480K, committed 73756K, reserved 1114112K
  class space    used 9099K, capacity 9748K, committed 9880K, reserved 1048576K
}
Event: 17.885 GC heap after
{Heap after GC invocations=19 (full 0):
 garbage-first heap   total 143360K, used 61979K [0x0000000080000000, 0x0000000100000000)
  region size 1024K, 4 young (4096K), 4 survivors (4096K)
 Metaspace       used 71802K, capacity 73480K, committed 73756K, reserved 1114112K
  class space    used 9099K, capacity 9748K, committed 9880K, reserved 1048576K
}
Event: 19.573 GC heap before
{Heap before GC invocations=19 (full 0):
 garbage-first heap   total 143360K, used 113179K [0x0000000080000000, 0x0000000100000000)
  region size 1024K, 54 young (55296K), 4 survivors (4096K)
 Metaspace       used 73540K, capacity 75270K, committed 75548K, reserved 1114112K
  class space    used 9320K, capacity 10020K, committed 10136K, reserved 1048576K
}
Event: 19.585 GC heap after
{Heap after GC invocations=20 (full 0):
 garbage-first heap   total 143360K, used 64960K [0x0000000080000000, 0x0000000100000000)
  region size 1024K, 7 young (7168K), 7 survivors (7168K)
 Metaspace       used 73540K, capacity 75270K, committed 75548K, reserved 1114112K
  class space    used 9320K, capacity 10020K, committed 10136K, reserved 1048576K
}
Event: 21.775 GC heap before
{Heap before GC invocations=20 (full 0):
 garbage-first heap   total 143360K, used 115136K [0x0000000080000000, 0x0000000100000000)
  region size 1024K, 56 young (57344K), 7 survivors (7168K)
 Metaspace       used 78625K, capacity 80412K, committed 80668K, reserved 1120256K
  class space    used 10173K, capacity 10878K, committed 10904K, reserved 1048576K
}
Event: 21.801 GC heap after
{Heap after GC invocations=21 (full 0):
 garbage-first heap   total 143360K, used 68443K [0x0000000080000000, 0x0000000100000000)
  region size 1024K, 7 young (7168K), 7 survivors (7168K)
 Metaspace       used 78625K, capacity 80412K, committed 80668K, reserved 1120256K
  class space    used 10173K, capacity 10878K, committed 10904K, reserved 1048576K
}
Event: 23.751 GC heap before
{Heap before GC invocations=21 (full 0):
 garbage-first heap   total 143360K, used 116571K [0x0000000080000000, 0x0000000100000000)
  region size 1024K, 54 young (55296K), 7 survivors (7168K)
 Metaspace       used 82809K, capacity 84777K, committed 85020K, reserved 1122304K
  class space    used 10758K, capacity 11545K, committed 11672K, reserved 1048576K
}
Event: 23.817 GC heap after
{Heap after GC invocations=22 (full 0):
 garbage-first heap   total 172032K, used 71609K [0x0000000080000000, 0x0000000100000000)
  region size 1024K, 7 young (7168K), 7 survivors (7168K)
 Metaspace       used 82809K, capacity 84777K, committed 85020K, reserved 1122304K
  class space    used 10758K, capacity 11545K, committed 11672K, reserved 1048576K
}
Event: 31.344 GC heap before
{Heap before GC invocations=22 (full 0):
 garbage-first heap   total 172032K, used 132025K [0x0000000080000000, 0x0000000100000000)
  region size 1024K, 66 young (67584K), 7 survivors (7168K)
 Metaspace       used 88879K, capacity 90841K, committed 90908K, reserved 1128448K
  class space    used 11580K, capacity 12391K, committed 12440K, reserved 1048576K
}
Event: 31.408 GC heap after
{Heap after GC invocations=23 (full 0):
 garbage-first heap   total 172032K, used 75653K [0x0000000080000000, 0x0000000100000000)
  region size 1024K, 8 young (8192K), 8 survivors (8192K)
 Metaspace       used 88879K, capacity 90841K, committed 90908K, reserved 1128448K
  class space    used 11580K, capacity 12391K, committed 12440K, reserved 1048576K
}

Deoptimization events (20 events):
Event: 31.268 Thread 0x000001eba1238800 Uncommon trap: trap_request=0xffffffc6 fr.pc=0x000001eb8f72ac94 relative=0x0000000000000574
Event: 31.268 Thread 0x000001eba1238800 Uncommon trap: reason=bimorphic_or_optimized_type_check action=maybe_recompile pc=0x000001eb8f72ac94 method=com.google.common.collect.ImmutableCollection$Builder.addAll(Ljava/lang/Iterable;)Lcom/google/common/collect/ImmutableCollection$Builder; @ 1 c2
Event: 31.268 Thread 0x000001eba1238800 DEOPT PACKING pc=0x000001eb8f72ac94 sp=0x000000abdd0f98a0
Event: 31.268 Thread 0x000001eba1238800 DEOPT UNPACKING pc=0x000001eb8775a1af sp=0x000000abdd0f9870 mode 2
Event: 31.268 Thread 0x000001eba1238800 Uncommon trap: trap_request=0xffffffc6 fr.pc=0x000001eb8f72ac94 relative=0x0000000000000574
Event: 31.268 Thread 0x000001eba1238800 Uncommon trap: reason=bimorphic_or_optimized_type_check action=maybe_recompile pc=0x000001eb8f72ac94 method=com.google.common.collect.ImmutableCollection$Builder.addAll(Ljava/lang/Iterable;)Lcom/google/common/collect/ImmutableCollection$Builder; @ 1 c2
Event: 31.268 Thread 0x000001eba1238800 DEOPT PACKING pc=0x000001eb8f72ac94 sp=0x000000abdd0f98a0
Event: 31.268 Thread 0x000001eba1238800 DEOPT UNPACKING pc=0x000001eb8775a1af sp=0x000000abdd0f9870 mode 2
Event: 31.269 Thread 0x000001eba1238800 Uncommon trap: trap_request=0xffffffc6 fr.pc=0x000001eb8f72ac94 relative=0x0000000000000574
Event: 31.270 Thread 0x000001eba1238800 Uncommon trap: reason=bimorphic_or_optimized_type_check action=maybe_recompile pc=0x000001eb8f72ac94 method=com.google.common.collect.ImmutableCollection$Builder.addAll(Ljava/lang/Iterable;)Lcom/google/common/collect/ImmutableCollection$Builder; @ 1 c2
Event: 31.270 Thread 0x000001eba1238800 DEOPT PACKING pc=0x000001eb8f72ac94 sp=0x000000abdd0f98a0
Event: 31.270 Thread 0x000001eba1238800 DEOPT UNPACKING pc=0x000001eb8775a1af sp=0x000000abdd0f9870 mode 2
Event: 31.271 Thread 0x000001eba1238800 Uncommon trap: trap_request=0xffffffc6 fr.pc=0x000001eb8f72ac94 relative=0x0000000000000574
Event: 31.271 Thread 0x000001eba1238800 Uncommon trap: reason=bimorphic_or_optimized_type_check action=maybe_recompile pc=0x000001eb8f72ac94 method=com.google.common.collect.ImmutableCollection$Builder.addAll(Ljava/lang/Iterable;)Lcom/google/common/collect/ImmutableCollection$Builder; @ 1 c2
Event: 31.271 Thread 0x000001eba1238800 DEOPT PACKING pc=0x000001eb8f72ac94 sp=0x000000abdd0f98a0
Event: 31.271 Thread 0x000001eba1238800 DEOPT UNPACKING pc=0x000001eb8775a1af sp=0x000000abdd0f9870 mode 2
Event: 31.419 Thread 0x000001eba1238800 DEOPT PACKING pc=0x000001eb88c1d7d1 sp=0x000000abdd0f97f0
Event: 31.419 Thread 0x000001eba1238800 DEOPT UNPACKING pc=0x000001eb8775a95e sp=0x000000abdd0f8d48 mode 0
Event: 31.762 Thread 0x000001eba1238800 DEOPT PACKING pc=0x000001eb88bb1024 sp=0x000000abdd0f95e0
Event: 31.762 Thread 0x000001eba1238800 DEOPT UNPACKING pc=0x000001eb8775a95e sp=0x000000abdd0f8b00 mode 0

Classes redefined (0 events):
No events

Internal exceptions (20 events):
Event: 28.607 Thread 0x000001eba1238800 Exception <a 'sun/nio/fs/WindowsException'{0x00000000887e3568}> (0x00000000887e3568) thrown at [src/hotspot/share/prims/jni.cpp, line 617]
Event: 30.352 Thread 0x000001eba1238800 Exception <a 'java/lang/NoSuchMethodError'{0x00000000878f0d18}: 'java.lang.Object java.lang.invoke.Invokers$Holder.linkToTargetMethod(java.lang.Object, int, java.lang.Object)'> (0x00000000878f0d18) thrown at [src/hotspot/share/interpreter/linkResolver.cpp, line 773]
Event: 32.015 Thread 0x000001eba1238800 Exception <a 'java/lang/NoSuchMethodError'{0x00000000896c68d8}: 'java.lang.Object java.lang.invoke.DirectMethodHandle$Holder.newInvokeSpecial(java.lang.Object, java.lang.Object, java.lang.Object, java.lang.Object, int, long)'> (0x00000000896c68d8) thrown at [src/hotspot/share/interpreter/linkResolver.cpp, line 773]
Event: 32.054 Thread 0x000001eba1238800 Exception <a 'java/lang/ClassNotFoundException'{0x00000000894f0c58}: com/google/common/collect/RegularImmutableListBeanInfo> (0x00000000894f0c58) thrown at [src/hotspot/share/classfile/systemDictionary.cpp, line 230]
Event: 32.055 Thread 0x000001eba1238800 Exception <a 'java/lang/ClassNotFoundException'{0x0000000089307790}: com/google/common/collect/ImmutableListBeanInfo> (0x0000000089307790) thrown at [src/hotspot/share/classfile/systemDictionary.cpp, line 230]
Event: 32.056 Thread 0x000001eba1238800 Exception <a 'java/lang/ClassNotFoundException'{0x000000008931f250}: com/google/common/collect/ImmutableCollectionBeanInfo> (0x000000008931f250) thrown at [src/hotspot/share/classfile/systemDictionary.cpp, line 230]
Event: 32.056 Thread 0x000001eba1238800 Exception <a 'java/lang/ClassNotFoundException'{0x0000000089336ea8}: com/google/common/collect/ImmutableCollectionCustomizer> (0x0000000089336ea8) thrown at [src/hotspot/share/classfile/systemDictionary.cpp, line 230]
Event: 32.061 Thread 0x000001eba1238800 Exception <a 'java/lang/ClassNotFoundException'{0x000000008935c7d0}: com/google/common/collect/ImmutableListCustomizer> (0x000000008935c7d0) thrown at [src/hotspot/share/classfile/systemDictionary.cpp, line 230]
Event: 32.066 Thread 0x000001eba1238800 Exception <a 'java/lang/ClassNotFoundException'{0x00000000893a6958}: com/google/common/collect/RegularImmutableListCustomizer> (0x00000000893a6958) thrown at [src/hotspot/share/classfile/systemDictionary.cpp, line 230]
Event: 32.132 Thread 0x000001eba1238800 Exception <a 'java/lang/ClassNotFoundException'{0x0000000089054068}: com/android/build/gradle/tasks/sync/ApplicationVariantModelTask_DecoratedBeanInfo> (0x0000000089054068) thrown at [src/hotspot/share/classfile/systemDictionary.cpp, line 230]
Event: 32.133 Thread 0x000001eba1238800 Exception <a 'java/lang/ClassNotFoundException'{0x0000000089070a70}: com/android/build/gradle/tasks/sync/ApplicationVariantModelTaskBeanInfo> (0x0000000089070a70) thrown at [src/hotspot/share/classfile/systemDictionary.cpp, line 230]
Event: 32.134 Thread 0x000001eba1238800 Exception <a 'java/lang/ClassNotFoundException'{0x000000008908cda8}: com/android/build/gradle/tasks/sync/ModuleVariantModelTaskBeanInfo> (0x000000008908cda8) thrown at [src/hotspot/share/classfile/systemDictionary.cpp, line 230]
Event: 32.145 Thread 0x000001eba1238800 Exception <a 'java/lang/ClassNotFoundException'{0x00000000890aa470}: com/android/build/gradle/tasks/sync/AbstractVariantModelTaskBeanInfo> (0x00000000890aa470) thrown at [src/hotspot/share/classfile/systemDictionary.cpp, line 230]
Event: 32.147 Thread 0x000001eba1238800 Exception <a 'java/lang/ClassNotFoundException'{0x00000000890c7510}: com/android/build/gradle/internal/tasks/NonIncrementalTaskBeanInfo> (0x00000000890c7510) thrown at [src/hotspot/share/classfile/systemDictionary.cpp, line 230]
Event: 32.148 Thread 0x000001eba1238800 Exception <a 'java/lang/ClassNotFoundException'{0x00000000890e4858}: com/android/build/gradle/internal/tasks/AndroidVariantTaskBeanInfo> (0x00000000890e4858) thrown at [src/hotspot/share/classfile/systemDictionary.cpp, line 230]
Event: 32.153 Thread 0x000001eba1238800 Exception <a 'java/lang/ClassNotFoundException'{0x00000000890ffd48}: com/android/build/gradle/internal/tasks/BaseTaskBeanInfo> (0x00000000890ffd48) thrown at [src/hotspot/share/classfile/systemDictionary.cpp, line 230]
Event: 32.155 Thread 0x000001eba1238800 Exception <a 'java/lang/ClassNotFoundException'{0x0000000088f15c90}: org/gradle/api/DefaultTaskBeanInfo> (0x0000000088f15c90) thrown at [src/hotspot/share/classfile/systemDictionary.cpp, line 230]
Event: 32.157 Thread 0x000001eba1238800 Exception <a 'java/lang/ClassNotFoundException'{0x0000000088f2d478}: org/gradle/api/internal/AbstractTaskBeanInfo> (0x0000000088f2d478) thrown at [src/hotspot/share/classfile/systemDictionary.cpp, line 230]
Event: 32.166 Thread 0x000001eba1238800 Exception <a 'java/lang/ClassNotFoundException'{0x0000000088f44df0}: org/gradle/api/internal/AbstractTaskCustomizer> (0x0000000088f44df0) thrown at [src/hotspot/share/classfile/systemDictionary.cpp, line 230]
Event: 32.172 Thread 0x000001eba1238800 Exception <a 'java/lang/ClassNotFoundException'{0x0000000088fa80d8}: org/gradle/api/DefaultTaskCustomizer> (0x0000000088fa80d8) thrown at [src/hotspot/share/classfile/systemDictionary.cpp, line 230]

Events (20 events):
Event: 32.155 loading class org/gradle/api/DefaultTaskBeanInfo
Event: 32.155 loading class org/gradle/api/DefaultTaskBeanInfo done
Event: 32.155 loading class org/gradle/api/internal/AbstractTaskBeanInfo
Event: 32.155 loading class org/gradle/api/internal/AbstractTaskBeanInfo done
Event: 32.156 loading class org/gradle/api/internal/AbstractTaskBeanInfo
Event: 32.156 loading class org/gradle/api/internal/AbstractTaskBeanInfo done
Event: 32.156 loading class org/gradle/api/internal/AbstractTaskBeanInfo
Event: 32.156 loading class org/gradle/api/internal/AbstractTaskBeanInfo done
Event: 32.157 loading class org/gradle/api/internal/AbstractTaskCustomizer
Event: 32.157 loading class org/gradle/api/internal/AbstractTaskCustomizer done
Event: 32.165 loading class org/gradle/api/internal/AbstractTaskCustomizer
Event: 32.165 loading class org/gradle/api/internal/AbstractTaskCustomizer done
Event: 32.166 loading class org/gradle/api/internal/AbstractTaskCustomizer
Event: 32.166 loading class org/gradle/api/internal/AbstractTaskCustomizer done
Event: 32.170 loading class org/gradle/api/DefaultTaskCustomizer
Event: 32.170 loading class org/gradle/api/DefaultTaskCustomizer done
Event: 32.171 loading class org/gradle/api/DefaultTaskCustomizer
Event: 32.171 loading class org/gradle/api/DefaultTaskCustomizer done
Event: 32.172 loading class org/gradle/api/DefaultTaskCustomizer
Event: 32.172 loading class org/gradle/api/DefaultTaskCustomizer done


Dynamic libraries:
0x00007ff7cfc40000 - 0x00007ff7cfc4a000 	C:\Program Files\Android\Android Studio\jbr\bin\java.exe
0x00007ff9e1f90000 - 0x00007ff9e2188000 	C:\Windows\SYSTEM32\ntdll.dll
0x00007ff9e10a0000 - 0x00007ff9e115f000 	C:\Windows\System32\KERNEL32.DLL
0x00007ff9df8b0000 - 0x00007ff9dfb82000 	C:\Windows\System32\KERNELBASE.dll
0x00007ff9dfc30000 - 0x00007ff9dfd30000 	C:\Windows\System32\ucrtbase.dll
0x00007ff9c5570000 - 0x00007ff9c5587000 	C:\Program Files\Android\Android Studio\jbr\bin\jli.dll
0x00007ff9e0060000 - 0x00007ff9e0201000 	C:\Windows\System32\USER32.dll
0x00007ff9dfdf0000 - 0x00007ff9dfe12000 	C:\Windows\System32\win32u.dll
0x00007ff9e04e0000 - 0x00007ff9e050b000 	C:\Windows\System32\GDI32.dll
0x00007ff9dfed0000 - 0x00007ff9dffdf000 	C:\Windows\System32\gdi32full.dll
0x00007ff9dfb90000 - 0x00007ff9dfc2d000 	C:\Windows\System32\msvcp_win.dll
0x00007ff9c1720000 - 0x00007ff9c173b000 	C:\Program Files\Android\Android Studio\jbr\bin\VCRUNTIME140.dll
0x00007ff9cd840000 - 0x00007ff9cdada000 	C:\Windows\WinSxS\amd64_microsoft.windows.common-controls_6595b64144ccf1df_6.0.19041.1110_none_60b5254171f9507e\COMCTL32.dll
0x00007ff9e0360000 - 0x00007ff9e03fe000 	C:\Windows\System32\msvcrt.dll
0x00007ff9e0210000 - 0x00007ff9e0240000 	C:\Windows\System32\IMM32.DLL
0x00007ff9d9bf0000 - 0x00007ff9d9bfc000 	C:\Program Files\Android\Android Studio\jbr\bin\vcruntime140_1.dll
0x00007ff9b6ee0000 - 0x00007ff9b6f6d000 	C:\Program Files\Android\Android Studio\jbr\bin\msvcp140.dll
0x00007ff9868f0000 - 0x00007ff9874ac000 	C:\Program Files\Android\Android Studio\jbr\bin\server\jvm.dll
0x00007ff9e0510000 - 0x00007ff9e05be000 	C:\Windows\System32\ADVAPI32.dll
0x00007ff9e0ff0000 - 0x00007ff9e108c000 	C:\Windows\System32\sechost.dll
0x00007ff9e1780000 - 0x00007ff9e18a4000 	C:\Windows\System32\RPCRT4.dll
0x00007ff9e0f10000 - 0x00007ff9e0f18000 	C:\Windows\System32\PSAPI.DLL
0x00007ff9dddd0000 - 0x00007ff9dddd9000 	C:\Windows\SYSTEM32\WSOCK32.dll
0x00007ff9e19c0000 - 0x00007ff9e1a2b000 	C:\Windows\System32\WS2_32.dll
0x00007ff9cecc0000 - 0x00007ff9cece7000 	C:\Windows\SYSTEM32\WINMM.dll
0x00007ff9d7bb0000 - 0x00007ff9d7bba000 	C:\Windows\SYSTEM32\VERSION.dll
0x00007ff9ddf30000 - 0x00007ff9ddf42000 	C:\Windows\SYSTEM32\kernel.appcore.dll
0x00007ff9da0e0000 - 0x00007ff9da0f0000 	C:\Program Files\Android\Android Studio\jbr\bin\verify.dll
0x00007ff9ddbc0000 - 0x00007ff9ddda4000 	C:\Windows\SYSTEM32\DBGHELP.DLL
0x00007ff9d9c50000 - 0x00007ff9d9c85000 	C:\Windows\SYSTEM32\dbgcore.DLL
0x00007ff9dfd30000 - 0x00007ff9dfdb2000 	C:\Windows\System32\bcryptPrimitives.dll
0x00007ff9d7b00000 - 0x00007ff9d7b28000 	C:\Program Files\Android\Android Studio\jbr\bin\java.dll
0x00007ff9d9c30000 - 0x00007ff9d9c3a000 	C:\Program Files\Android\Android Studio\jbr\bin\jimage.dll
0x00007ff9d9b00000 - 0x00007ff9d9b18000 	C:\Program Files\Android\Android Studio\jbr\bin\zip.dll
0x00007ff9e0630000 - 0x00007ff9e0d75000 	C:\Windows\System32\SHELL32.dll
0x00007ff9dd350000 - 0x00007ff9ddae2000 	C:\Windows\SYSTEM32\windows.storage.dll
0x00007ff9e1160000 - 0x00007ff9e14b5000 	C:\Windows\System32\combase.dll
0x00007ff9df010000 - 0x00007ff9df040000 	C:\Windows\SYSTEM32\Wldp.dll
0x00007ff9e1910000 - 0x00007ff9e19bd000 	C:\Windows\System32\SHCORE.dll
0x00007ff9e05c0000 - 0x00007ff9e0615000 	C:\Windows\System32\shlwapi.dll
0x00007ff9df5d0000 - 0x00007ff9df5ef000 	C:\Windows\SYSTEM32\profapi.dll
0x00007ff9d7ae0000 - 0x00007ff9d7af9000 	C:\Program Files\Android\Android Studio\jbr\bin\net.dll
0x00007ff9d66d0000 - 0x00007ff9d67da000 	C:\Windows\SYSTEM32\WINHTTP.dll
0x00007ff9ded70000 - 0x00007ff9dedda000 	C:\Windows\system32\mswsock.dll
0x00007ff9d7ac0000 - 0x00007ff9d7ad3000 	C:\Program Files\Android\Android Studio\jbr\bin\nio.dll
0x00007ff9d1570000 - 0x00007ff9d1597000 	D:\kotlin\native\e1d6ef7f7dcc3fd88c89a11ec53ec762bb8ba0a96d01ffa2cd45eb1d1d8dd5c5\windows-amd64\native-platform.dll
0x00007ff9ab210000 - 0x00007ff9ab354000 	D:\kotlin\native\0d407fdbe67a94daf76414ababcb853783967236a71b16ec16e742cd7a986fd3\windows-amd64\native-platform-file-events.dll
0x00007ff9d9c00000 - 0x00007ff9d9c0a000 	C:\Program Files\Android\Android Studio\jbr\bin\management.dll
0x00007ff9d7ab0000 - 0x00007ff9d7abb000 	C:\Program Files\Android\Android Studio\jbr\bin\management_ext.dll
0x00007ff9def60000 - 0x00007ff9def78000 	C:\Windows\SYSTEM32\CRYPTSP.dll
0x00007ff9de690000 - 0x00007ff9de6c4000 	C:\Windows\system32\rsaenh.dll
0x00007ff9dfdc0000 - 0x00007ff9dfde7000 	C:\Windows\System32\bcrypt.dll
0x00007ff9df550000 - 0x00007ff9df57e000 	C:\Windows\SYSTEM32\USERENV.dll
0x00007ff9def80000 - 0x00007ff9def8c000 	C:\Windows\SYSTEM32\CRYPTBASE.dll
0x00007ff9dea60000 - 0x00007ff9dea9b000 	C:\Windows\SYSTEM32\IPHLPAPI.DLL
0x00007ff9e0620000 - 0x00007ff9e0628000 	C:\Windows\System32\NSI.dll
0x00007ff9d8930000 - 0x00007ff9d8947000 	C:\Windows\SYSTEM32\dhcpcsvc6.DLL
0x00007ff9d8830000 - 0x00007ff9d884d000 	C:\Windows\SYSTEM32\dhcpcsvc.DLL
0x00007ff9deab0000 - 0x00007ff9deb7b000 	C:\Windows\SYSTEM32\DNSAPI.dll
0x00007ff9c1590000 - 0x00007ff9c15b7000 	C:\Program Files\Android\Android Studio\jbr\bin\sunec.dll
0x00007ff9d1b90000 - 0x00007ff9d1b9a000 	C:\Windows\System32\rasadhlp.dll
0x00007ff9d1ab0000 - 0x00007ff9d1b30000 	C:\Windows\System32\fwpuclnt.dll
0x00007ff9b8340000 - 0x00007ff9b8357000 	C:\Windows\system32\napinsp.dll
0x00007ff9b8320000 - 0x00007ff9b833b000 	C:\Windows\system32\pnrpnsp.dll
0x00007ff9bcfc0000 - 0x00007ff9bcfd5000 	C:\Windows\system32\wshbth.dll
0x00007ff9dacc0000 - 0x00007ff9dacdd000 	C:\Windows\system32\NLAapi.dll
0x00007ff9b8180000 - 0x00007ff9b8192000 	C:\Windows\System32\winrnr.dll

dbghelp: loaded successfully - version: 4.0.5 - missing functions: none
symbol engine: initialized successfully - sym options: 0x614 - pdb path: .;C:\Program Files\Android\Android Studio\jbr\bin;C:\Windows\SYSTEM32;C:\Windows\WinSxS\amd64_microsoft.windows.common-controls_6595b64144ccf1df_6.0.19041.1110_none_60b5254171f9507e;C:\Program Files\Android\Android Studio\jbr\bin\server;D:\kotlin\native\e1d6ef7f7dcc3fd88c89a11ec53ec762bb8ba0a96d01ffa2cd45eb1d1d8dd5c5\windows-amd64;D:\kotlin\native\0d407fdbe67a94daf76414ababcb853783967236a71b16ec16e742cd7a986fd3\windows-amd64

VM Arguments:
jvm_args: --add-opens=java.base/java.util=ALL-UNNAMED --add-opens=java.base/java.lang=ALL-UNNAMED --add-opens=java.base/java.lang.invoke=ALL-UNNAMED --add-opens=java.base/java.util=ALL-UNNAMED --add-opens=java.prefs/java.util.prefs=ALL-UNNAMED --add-opens=java.prefs/java.util.prefs=ALL-UNNAMED --add-opens=java.base/java.nio.charset=ALL-UNNAMED --add-opens=java.base/java.net=ALL-UNNAMED --add-opens=java.base/java.util.concurrent.atomic=ALL-UNNAMED -Xmx2048m -Dfile.encoding=UTF-8 -Duser.country=RU -Duser.language=ru -Duser.variant 
java_command: org.gradle.launcher.daemon.bootstrap.GradleDaemon 7.5
java_class_path (initial): D:\kotlin\wrapper\dists\gradle-7.5-bin\f1w0cc9nuo0eivz97x2xlu9sv\gradle-7.5\lib\gradle-launcher-7.5.jar
Launcher Type: SUN_STANDARD

[Global flags]
     intx CICompilerCount                          = 3                                         {product} {ergonomic}
     uint ConcGCThreads                            = 1                                         {product} {ergonomic}
     uint G1ConcRefinementThreads                  = 4                                         {product} {ergonomic}
   size_t G1HeapRegionSize                         = 1048576                                   {product} {ergonomic}
    uintx GCDrainStackTargetSize                   = 64                                        {product} {ergonomic}
   size_t InitialHeapSize                          = 100663296                                 {product} {ergonomic}
   size_t MarkStackSize                            = 4194304                                   {product} {ergonomic}
   size_t MaxHeapSize                              = 2147483648                                {product} {command line}
   size_t MaxNewSize                               = 1287651328                                {product} {ergonomic}
   size_t MinHeapDeltaBytes                        = 1048576                                   {product} {ergonomic}
    uintx NonNMethodCodeHeapSize                   = 5830732                                {pd product} {ergonomic}
    uintx NonProfiledCodeHeapSize                  = 122913754                              {pd product} {ergonomic}
    uintx ProfiledCodeHeapSize                     = 122913754                              {pd product} {ergonomic}
    uintx ReservedCodeCacheSize                    = 251658240                              {pd product} {ergonomic}
     bool SegmentedCodeCache                       = true                                      {product} {ergonomic}
     bool UseCompressedClassPointers               = true                                 {lp64_product} {ergonomic}
     bool UseCompressedOops                        = true                                 {lp64_product} {ergonomic}
     bool UseG1GC                                  = true                                      {product} {ergonomic}
     bool UseLargePagesIndividualAllocation        = false                                  {pd product} {ergonomic}

Logging:
Log output configuration:
 #0: stdout all=warning uptime,level,tags
 #1: stderr all=off uptime,level,tags

Environment Variables:
PATH=C:\Program Files (x86)\Intel\iCLS Client\;C:\Program Files\Intel\iCLS Client\;C:\Windows\system32;C:\Windows;C:\Windows\System32\Wbem;C:\Windows\System32\WindowsPowerShell\v1.0\;C:\Windows\System32\OpenSSH\;C:\Program Files (x86)\Intel\Intel(R) Management Engine Components\DAL;C:\Program Files\Intel\Intel(R) Management Engine Components\DAL;C:\Program Files (x86)\Intel\Intel(R) Management Engine Components\IPT;C:\Program Files\Intel\Intel(R) Management Engine Components\IPT;C:\Program Files\Microsoft SQL Server\120\Tools\Binn\;C:\Program Files (x86)\NVIDIA Corporation\PhysX\Common;C:\Program Files\NVIDIA Corporation\NVIDIA NvDLISR;C:\Program Files\dotnet\;C:\Program Files\Git\cmd;C:\Users\ 221-114\AppData\Local\Microsoft\WindowsApps;C:\Users\ 221-114\.dotnet\tools;C:\Users\ 221-114\AppData\Local\GitHubDesktop\bin
USERNAME= 221-114
OS=Windows_NT
PROCESSOR_IDENTIFIER=Intel64 Family 6 Model 61 Stepping 4, GenuineIntel



---------------  S Y S T E M  ---------------

OS: Windows 10 , 64 bit Build 19041 (10.0.19041.2546)
OS uptime: 4 days 3:24 hours

CPU:total 4 (initial active 4) (2 cores per cpu, 2 threads per core) family 6 model 61 stepping 4 microcode 0x2d, cmov, cx8, fxsr, mmx, sse, sse2, sse3, ssse3, sse4.1, sse4.2, popcnt, avx, avx2, aes, clmul, erms, 3dnowpref, lzcnt, ht, tsc, tscinvbit, bmi1, bmi2, adx, fma

Memory: 4k page, system-wide physical 6043M (366M free)
TotalPageFile size 10139M (AvailPageFile size 8M)
current process WorkingSet (physical memory assigned to process): 304M, peak: 359M
current process commit charge ("private bytes"): 439M, peak: 442M

vm_info: OpenJDK 64-Bit Server VM (11.0.15+0-b2043.56-9505619) for windows-amd64 JRE (11.0.15+0-b2043.56-9505619), built on Jan 19 2023 02:48:00 by "builduser" with unknown MS VC++:1929

END.
